allow_concurrency=false


Processing MembersController#index (for 127.0.0.1 at 2011-11-22 02:10:38) [GET]
  Session ID: 52b2b01af28617ddd23ad7e763dee4a9
  Parameters: {"action"=>"index", "controller"=>"members"}
Rendering members/index
Completed in 0.00300 (333 reqs/sec) | Rendering: 0.00200 (66%) | 200 OK [http://127.0.0.1/members]


Processing Base#index (for 127.0.0.1 at 2011-11-23 15:17:55) [GET]
  Session ID: 1f515f20dd04f8a581bb86dec9ea62a2
  Parameters: {}


NameError (undefined local variable or method `dedede' for MembersController:Class):
    /app/controllers/members_controller.rb:2
    C:/Users/EMMANU~1/DOWNLO~1/INSTAN~1.3A-/INSTAN~1/ruby/lib/ruby/gems/1.8/gems/activesupport-1.3.1/lib/active_support/dependencies.rb:140:in `load'
    C:/Users/EMMANU~1/DOWNLO~1/INSTAN~1.3A-/INSTAN~1/ruby/lib/ruby/gems/1.8/gems/activesupport-1.3.1/lib/active_support/dependencies.rb:56:in `require_or_load'
    C:/Users/EMMANU~1/DOWNLO~1/INSTAN~1.3A-/INSTAN~1/ruby/lib/ruby/gems/1.8/gems/activesupport-1.3.1/lib/active_support/dependencies.rb:30:in `depend_on'
    C:/Users/EMMANU~1/DOWNLO~1/INSTAN~1.3A-/INSTAN~1/ruby/lib/ruby/gems/1.8/gems/activesupport-1.3.1/lib/active_support/dependencies.rb:85:in `require_dependency'
    C:/Users/EMMANU~1/DOWNLO~1/INSTAN~1.3A-/INSTAN~1/ruby/lib/ruby/gems/1.8/gems/activesupport-1.3.1/lib/active_support/dependencies.rb:98:in `const_missing'
    C:/Users/EMMANU~1/DOWNLO~1/INSTAN~1.3A-/INSTAN~1/ruby/lib/ruby/gems/1.8/gems/activesupport-1.3.1/lib/active_support/dependencies.rb:131:in `const_missing'
    C:/Users/EMMANU~1/DOWNLO~1/INSTAN~1.3A-/INSTAN~1/ruby/lib/ruby/gems/1.8/gems/actionpack-1.12.1/lib/action_controller/routing.rb:237:in `traverse_to_controller'
    generated/routing/recognition.rb:3:in `eval'
    C:/Users/EMMANU~1/DOWNLO~1/INSTAN~1.3A-/INSTAN~1/ruby/lib/ruby/gems/1.8/gems/actionpack-1.12.1/lib/action_controller/routing.rb:237:in `traverse_to_controller'
    generated/routing/recognition.rb:3:in `recognize_path'
    C:/Users/EMMANU~1/DOWNLO~1/INSTAN~1.3A-/INSTAN~1/ruby/lib/ruby/gems/1.8/gems/actionpack-1.12.1/lib/action_controller/routing.rb:477:in `recognize!'
    C:/Users/EMMANU~1/DOWNLO~1/INSTAN~1.3A-/INSTAN~1/ruby/lib/ruby/gems/1.8/gems/rails-1.1.2/lib/dispatcher.rb:38:in `dispatch'
    C:/Users/EMMANU~1/DOWNLO~1/INSTAN~1.3A-/INSTAN~1/ruby/lib/ruby/gems/1.8/gems/rails-1.1.2/lib/webrick_server.rb:115:in `handle_dispatch'
    C:/Users/EMMANU~1/DOWNLO~1/INSTAN~1.3A-/INSTAN~1/ruby/lib/ruby/gems/1.8/gems/rails-1.1.2/lib/webrick_server.rb:81:in `service'
    C:/Users/EMMANU~1/DOWNLO~1/INSTAN~1.3A-/INSTAN~1/ruby/lib/ruby/1.8/webrick/httpserver.rb:104:in `service'
    C:/Users/EMMANU~1/DOWNLO~1/INSTAN~1.3A-/INSTAN~1/ruby/lib/ruby/1.8/webrick/httpserver.rb:65:in `run'
    C:/Users/EMMANU~1/DOWNLO~1/INSTAN~1.3A-/INSTAN~1/ruby/lib/ruby/1.8/webrick/server.rb:173:in `start_thread'
    C:/Users/EMMANU~1/DOWNLO~1/INSTAN~1.3A-/INSTAN~1/ruby/lib/ruby/1.8/webrick/server.rb:162:in `start_thread'
    C:/Users/EMMANU~1/DOWNLO~1/INSTAN~1.3A-/INSTAN~1/ruby/lib/ruby/1.8/webrick/server.rb:95:in `start'
    C:/Users/EMMANU~1/DOWNLO~1/INSTAN~1.3A-/INSTAN~1/ruby/lib/ruby/1.8/webrick/server.rb:92:in `start'
    C:/Users/EMMANU~1/DOWNLO~1/INSTAN~1.3A-/INSTAN~1/ruby/lib/ruby/1.8/webrick/server.rb:23:in `start'
    C:/Users/EMMANU~1/DOWNLO~1/INSTAN~1.3A-/INSTAN~1/ruby/lib/ruby/1.8/webrick/server.rb:82:in `start'
    C:/Users/EMMANU~1/DOWNLO~1/INSTAN~1.3A-/INSTAN~1/ruby/lib/ruby/gems/1.8/gems/rails-1.1.2/lib/webrick_server.rb:67:in `dispatch'
    C:/Users/EMMANU~1/DOWNLO~1/INSTAN~1.3A-/INSTAN~1/ruby/lib/ruby/gems/1.8/gems/rails-1.1.2/lib/commands/servers/webrick.rb:59
    C:/Users/EMMANU~1/DOWNLO~1/INSTAN~1.3A-/INSTAN~1/ruby/lib/ruby/site_ruby/1.8/rubygems/custom_require.rb:21:in `require'
    C:/Users/EMMANU~1/DOWNLO~1/INSTAN~1.3A-/INSTAN~1/ruby/lib/ruby/gems/1.8/gems/activesupport-1.3.1/lib/active_support/dependencies.rb:147:in `require'
    C:/Users/EMMANU~1/DOWNLO~1/INSTAN~1.3A-/INSTAN~1/ruby/lib/ruby/gems/1.8/gems/rails-1.1.2/lib/commands/server.rb:30
    C:/Users/EMMANU~1/DOWNLO~1/INSTAN~1.3A-/INSTAN~1/ruby/lib/ruby/site_ruby/1.8/rubygems/custom_require.rb:21:in `require'
    C:/Users/EMMANU~1/DOWNLO~1/INSTAN~1.3A-/INSTAN~1/ruby/lib/ruby/gems/1.8/gems/activesupport-1.3.1/lib/active_support/dependencies.rb:147:in `require'
    script/server:3


Rendering C:/Users/EMMANU~1/DOWNLO~1/INSTAN~1.3A-/INSTAN~1/ruby/lib/ruby/gems/1.8/gems/actionpack-1.12.1/lib/action_controller/templates/rescues/layout.rhtml (500 Internal Error)


Processing MembersController#index (for 127.0.0.1 at 2011-11-23 14:36:26) [GET]
  Session ID: 1f515f20dd04f8a581bb86dec9ea62a2
  Parameters: {"action"=>"index", "controller"=>"members"}
Rendering members/index
Completed in 0.00300 (333 reqs/sec) | Rendering: 0.00200 (66%) | 200 OK [http://localhost/members]
allow_concurrency=false


Processing MembersController#index (for 127.0.0.1 at 2011-11-24 14:50:25) [GET]
  Session ID: 1f515f20dd04f8a581bb86dec9ea62a2
  Parameters: {"action"=>"index", "controller"=>"members"}
Rendering members/index
Completed in 0.04700 (21 reqs/sec) | Rendering: 0.02200 (46%) | 200 OK [http://localhost/members]


Processing MembersController#index (for 127.0.0.1 at 2011-11-24 15:02:57) [GET]
  Session ID: 1f515f20dd04f8a581bb86dec9ea62a2
  Parameters: {"action"=>"index", "controller"=>"members"}


Mysql::Error (#28000Access denied for user 'root'@'localhost' (using password: YES)):
    C:/Users/EMMANU~1/DOWNLO~1/INSTAN~1.3A-/INSTAN~1/ruby/lib/ruby/gems/1.8/gems/activerecord-1.14.2/lib/active_record/vendor/mysql.rb:508:in `read'
    C:/Users/EMMANU~1/DOWNLO~1/INSTAN~1.3A-/INSTAN~1/ruby/lib/ruby/gems/1.8/gems/activerecord-1.14.2/lib/active_record/vendor/mysql.rb:150:in `real_connect'
    C:/Users/EMMANU~1/DOWNLO~1/INSTAN~1.3A-/INSTAN~1/ruby/lib/ruby/gems/1.8/gems/activerecord-1.14.2/lib/active_record/connection_adapters/mysql_adapter.rb:331:in `connect'
    C:/Users/EMMANU~1/DOWNLO~1/INSTAN~1.3A-/INSTAN~1/ruby/lib/ruby/gems/1.8/gems/activerecord-1.14.2/lib/active_record/connection_adapters/mysql_adapter.rb:88:in `initialize'
    C:/Users/EMMANU~1/DOWNLO~1/INSTAN~1.3A-/INSTAN~1/ruby/lib/ruby/gems/1.8/gems/activerecord-1.14.2/lib/active_record/connection_adapters/mysql_adapter.rb:37:in `mysql_connection'
    C:/Users/EMMANU~1/DOWNLO~1/INSTAN~1.3A-/INSTAN~1/ruby/lib/ruby/gems/1.8/gems/activerecord-1.14.2/lib/active_record/connection_adapters/abstract/connection_specification.rb:251:in `connection_without_query_cache='
    C:/Users/EMMANU~1/DOWNLO~1/INSTAN~1.3A-/INSTAN~1/ruby/lib/ruby/gems/1.8/gems/activerecord-1.14.2/lib/active_record/query_cache.rb:54:in `connection='
    C:/Users/EMMANU~1/DOWNLO~1/INSTAN~1.3A-/INSTAN~1/ruby/lib/ruby/gems/1.8/gems/activerecord-1.14.2/lib/active_record/connection_adapters/abstract/connection_specification.rb:220:in `retrieve_connection'
    C:/Users/EMMANU~1/DOWNLO~1/INSTAN~1.3A-/INSTAN~1/ruby/lib/ruby/gems/1.8/gems/activerecord-1.14.2/lib/active_record/connection_adapters/abstract/connection_specification.rb:78:in `connection'
    C:/Users/EMMANU~1/DOWNLO~1/INSTAN~1.3A-/INSTAN~1/ruby/lib/ruby/gems/1.8/gems/activerecord-1.14.2/lib/active_record/base.rb:1046:in `add_limit!'
    C:/Users/EMMANU~1/DOWNLO~1/INSTAN~1.3A-/INSTAN~1/ruby/lib/ruby/gems/1.8/gems/activerecord-1.14.2/lib/active_record/base.rb:1017:in `construct_finder_sql'
    C:/Users/EMMANU~1/DOWNLO~1/INSTAN~1.3A-/INSTAN~1/ruby/lib/ruby/gems/1.8/gems/activerecord-1.14.2/lib/active_record/base.rb:924:in `find_every'
    C:/Users/EMMANU~1/DOWNLO~1/INSTAN~1.3A-/INSTAN~1/ruby/lib/ruby/gems/1.8/gems/activerecord-1.14.2/lib/active_record/base.rb:381:in `find'
    /app/controllers/members_controller.rb:3:in `index'
    C:/Users/EMMANU~1/DOWNLO~1/INSTAN~1.3A-/INSTAN~1/ruby/lib/ruby/gems/1.8/gems/actionpack-1.12.1/lib/action_controller/base.rb:910:in `perform_action_without_filters'
    C:/Users/EMMANU~1/DOWNLO~1/INSTAN~1.3A-/INSTAN~1/ruby/lib/ruby/gems/1.8/gems/actionpack-1.12.1/lib/action_controller/filters.rb:368:in `perform_action_without_benchmark'
    C:/Users/EMMANU~1/DOWNLO~1/INSTAN~1.3A-/INSTAN~1/ruby/lib/ruby/gems/1.8/gems/actionpack-1.12.1/lib/action_controller/benchmarking.rb:69:in `perform_action_without_rescue'
    C:/Users/EMMANU~1/DOWNLO~1/INSTAN~1.3A-/INSTAN~1/ruby/lib/ruby/1.8/benchmark.rb:293:in `measure'
    C:/Users/EMMANU~1/DOWNLO~1/INSTAN~1.3A-/INSTAN~1/ruby/lib/ruby/gems/1.8/gems/actionpack-1.12.1/lib/action_controller/benchmarking.rb:69:in `perform_action_without_rescue'
    C:/Users/EMMANU~1/DOWNLO~1/INSTAN~1.3A-/INSTAN~1/ruby/lib/ruby/gems/1.8/gems/actionpack-1.12.1/lib/action_controller/rescue.rb:82:in `perform_action'
    C:/Users/EMMANU~1/DOWNLO~1/INSTAN~1.3A-/INSTAN~1/ruby/lib/ruby/gems/1.8/gems/actionpack-1.12.1/lib/action_controller/base.rb:381:in `process_without_filters'
    C:/Users/EMMANU~1/DOWNLO~1/INSTAN~1.3A-/INSTAN~1/ruby/lib/ruby/gems/1.8/gems/actionpack-1.12.1/lib/action_controller/filters.rb:377:in `process_without_session_management_support'
    C:/Users/EMMANU~1/DOWNLO~1/INSTAN~1.3A-/INSTAN~1/ruby/lib/ruby/gems/1.8/gems/actionpack-1.12.1/lib/action_controller/session_management.rb:117:in `process'
    C:/Users/EMMANU~1/DOWNLO~1/INSTAN~1.3A-/INSTAN~1/ruby/lib/ruby/gems/1.8/gems/rails-1.1.2/lib/dispatcher.rb:38:in `dispatch'
    C:/Users/EMMANU~1/DOWNLO~1/INSTAN~1.3A-/INSTAN~1/ruby/lib/ruby/gems/1.8/gems/rails-1.1.2/lib/webrick_server.rb:115:in `handle_dispatch'
    C:/Users/EMMANU~1/DOWNLO~1/INSTAN~1.3A-/INSTAN~1/ruby/lib/ruby/gems/1.8/gems/rails-1.1.2/lib/webrick_server.rb:81:in `service'
    C:/Users/EMMANU~1/DOWNLO~1/INSTAN~1.3A-/INSTAN~1/ruby/lib/ruby/1.8/webrick/httpserver.rb:104:in `service'
    C:/Users/EMMANU~1/DOWNLO~1/INSTAN~1.3A-/INSTAN~1/ruby/lib/ruby/1.8/webrick/httpserver.rb:65:in `run'
    C:/Users/EMMANU~1/DOWNLO~1/INSTAN~1.3A-/INSTAN~1/ruby/lib/ruby/1.8/webrick/server.rb:173:in `start_thread'
    C:/Users/EMMANU~1/DOWNLO~1/INSTAN~1.3A-/INSTAN~1/ruby/lib/ruby/1.8/webrick/server.rb:162:in `start_thread'
    C:/Users/EMMANU~1/DOWNLO~1/INSTAN~1.3A-/INSTAN~1/ruby/lib/ruby/1.8/webrick/server.rb:95:in `start'
    C:/Users/EMMANU~1/DOWNLO~1/INSTAN~1.3A-/INSTAN~1/ruby/lib/ruby/1.8/webrick/server.rb:92:in `start'
    C:/Users/EMMANU~1/DOWNLO~1/INSTAN~1.3A-/INSTAN~1/ruby/lib/ruby/1.8/webrick/server.rb:23:in `start'
    C:/Users/EMMANU~1/DOWNLO~1/INSTAN~1.3A-/INSTAN~1/ruby/lib/ruby/1.8/webrick/server.rb:82:in `start'
    C:/Users/EMMANU~1/DOWNLO~1/INSTAN~1.3A-/INSTAN~1/ruby/lib/ruby/gems/1.8/gems/rails-1.1.2/lib/webrick_server.rb:67:in `dispatch'
    C:/Users/EMMANU~1/DOWNLO~1/INSTAN~1.3A-/INSTAN~1/ruby/lib/ruby/gems/1.8/gems/rails-1.1.2/lib/commands/servers/webrick.rb:59
    C:/Users/EMMANU~1/DOWNLO~1/INSTAN~1.3A-/INSTAN~1/ruby/lib/ruby/site_ruby/1.8/rubygems/custom_require.rb:21:in `require'
    C:/Users/EMMANU~1/DOWNLO~1/INSTAN~1.3A-/INSTAN~1/ruby/lib/ruby/gems/1.8/gems/activesupport-1.3.1/lib/active_support/dependencies.rb:147:in `require'
    C:/Users/EMMANU~1/DOWNLO~1/INSTAN~1.3A-/INSTAN~1/ruby/lib/ruby/gems/1.8/gems/rails-1.1.2/lib/commands/server.rb:30
    C:/Users/EMMANU~1/DOWNLO~1/INSTAN~1.3A-/INSTAN~1/ruby/lib/ruby/site_ruby/1.8/rubygems/custom_require.rb:21:in `require'
    C:/Users/EMMANU~1/DOWNLO~1/INSTAN~1.3A-/INSTAN~1/ruby/lib/ruby/gems/1.8/gems/activesupport-1.3.1/lib/active_support/dependencies.rb:147:in `require'
    script/server:3


Rendering C:/Users/EMMANU~1/DOWNLO~1/INSTAN~1.3A-/INSTAN~1/ruby/lib/ruby/gems/1.8/gems/actionpack-1.12.1/lib/action_controller/templates/rescues/layout.rhtml (500 Internal Error)


Processing MembersController#index (for 127.0.0.1 at 2011-11-24 15:05:01) [GET]
  Session ID: 52b2b01af28617ddd23ad7e763dee4a9
  Parameters: {"action"=>"index", "controller"=>"members"}


Mysql::Error (#28000Access denied for user 'root'@'localhost' (using password: YES)):
    C:/Users/EMMANU~1/DOWNLO~1/INSTAN~1.3A-/INSTAN~1/ruby/lib/ruby/gems/1.8/gems/activerecord-1.14.2/lib/active_record/vendor/mysql.rb:508:in `read'
    C:/Users/EMMANU~1/DOWNLO~1/INSTAN~1.3A-/INSTAN~1/ruby/lib/ruby/gems/1.8/gems/activerecord-1.14.2/lib/active_record/vendor/mysql.rb:150:in `real_connect'
    C:/Users/EMMANU~1/DOWNLO~1/INSTAN~1.3A-/INSTAN~1/ruby/lib/ruby/gems/1.8/gems/activerecord-1.14.2/lib/active_record/connection_adapters/mysql_adapter.rb:331:in `connect'
    C:/Users/EMMANU~1/DOWNLO~1/INSTAN~1.3A-/INSTAN~1/ruby/lib/ruby/gems/1.8/gems/activerecord-1.14.2/lib/active_record/connection_adapters/mysql_adapter.rb:88:in `initialize'
    C:/Users/EMMANU~1/DOWNLO~1/INSTAN~1.3A-/INSTAN~1/ruby/lib/ruby/gems/1.8/gems/activerecord-1.14.2/lib/active_record/connection_adapters/mysql_adapter.rb:37:in `mysql_connection'
    C:/Users/EMMANU~1/DOWNLO~1/INSTAN~1.3A-/INSTAN~1/ruby/lib/ruby/gems/1.8/gems/activerecord-1.14.2/lib/active_record/connection_adapters/abstract/connection_specification.rb:251:in `connection_without_query_cache='
    C:/Users/EMMANU~1/DOWNLO~1/INSTAN~1.3A-/INSTAN~1/ruby/lib/ruby/gems/1.8/gems/activerecord-1.14.2/lib/active_record/query_cache.rb:54:in `connection='
    C:/Users/EMMANU~1/DOWNLO~1/INSTAN~1.3A-/INSTAN~1/ruby/lib/ruby/gems/1.8/gems/activerecord-1.14.2/lib/active_record/connection_adapters/abstract/connection_specification.rb:220:in `retrieve_connection'
    C:/Users/EMMANU~1/DOWNLO~1/INSTAN~1.3A-/INSTAN~1/ruby/lib/ruby/gems/1.8/gems/activerecord-1.14.2/lib/active_record/connection_adapters/abstract/connection_specification.rb:78:in `connection'
    C:/Users/EMMANU~1/DOWNLO~1/INSTAN~1.3A-/INSTAN~1/ruby/lib/ruby/gems/1.8/gems/activerecord-1.14.2/lib/active_record/base.rb:1046:in `add_limit!'
    C:/Users/EMMANU~1/DOWNLO~1/INSTAN~1.3A-/INSTAN~1/ruby/lib/ruby/gems/1.8/gems/activerecord-1.14.2/lib/active_record/base.rb:1017:in `construct_finder_sql'
    C:/Users/EMMANU~1/DOWNLO~1/INSTAN~1.3A-/INSTAN~1/ruby/lib/ruby/gems/1.8/gems/activerecord-1.14.2/lib/active_record/base.rb:924:in `find_every'
    C:/Users/EMMANU~1/DOWNLO~1/INSTAN~1.3A-/INSTAN~1/ruby/lib/ruby/gems/1.8/gems/activerecord-1.14.2/lib/active_record/base.rb:381:in `find'
    /app/controllers/members_controller.rb:3:in `index'
    C:/Users/EMMANU~1/DOWNLO~1/INSTAN~1.3A-/INSTAN~1/ruby/lib/ruby/gems/1.8/gems/actionpack-1.12.1/lib/action_controller/base.rb:910:in `perform_action_without_filters'
    C:/Users/EMMANU~1/DOWNLO~1/INSTAN~1.3A-/INSTAN~1/ruby/lib/ruby/gems/1.8/gems/actionpack-1.12.1/lib/action_controller/filters.rb:368:in `perform_action_without_benchmark'
    C:/Users/EMMANU~1/DOWNLO~1/INSTAN~1.3A-/INSTAN~1/ruby/lib/ruby/gems/1.8/gems/actionpack-1.12.1/lib/action_controller/benchmarking.rb:69:in `perform_action_without_rescue'
    C:/Users/EMMANU~1/DOWNLO~1/INSTAN~1.3A-/INSTAN~1/ruby/lib/ruby/1.8/benchmark.rb:293:in `measure'
    C:/Users/EMMANU~1/DOWNLO~1/INSTAN~1.3A-/INSTAN~1/ruby/lib/ruby/gems/1.8/gems/actionpack-1.12.1/lib/action_controller/benchmarking.rb:69:in `perform_action_without_rescue'
    C:/Users/EMMANU~1/DOWNLO~1/INSTAN~1.3A-/INSTAN~1/ruby/lib/ruby/gems/1.8/gems/actionpack-1.12.1/lib/action_controller/rescue.rb:82:in `perform_action'
    C:/Users/EMMANU~1/DOWNLO~1/INSTAN~1.3A-/INSTAN~1/ruby/lib/ruby/gems/1.8/gems/actionpack-1.12.1/lib/action_controller/base.rb:381:in `process_without_filters'
    C:/Users/EMMANU~1/DOWNLO~1/INSTAN~1.3A-/INSTAN~1/ruby/lib/ruby/gems/1.8/gems/actionpack-1.12.1/lib/action_controller/filters.rb:377:in `process_without_session_management_support'
    C:/Users/EMMANU~1/DOWNLO~1/INSTAN~1.3A-/INSTAN~1/ruby/lib/ruby/gems/1.8/gems/actionpack-1.12.1/lib/action_controller/session_management.rb:117:in `process'
    C:/Users/EMMANU~1/DOWNLO~1/INSTAN~1.3A-/INSTAN~1/ruby/lib/ruby/gems/1.8/gems/rails-1.1.2/lib/dispatcher.rb:38:in `dispatch'
    C:/Users/EMMANU~1/DOWNLO~1/INSTAN~1.3A-/INSTAN~1/ruby/lib/ruby/gems/1.8/gems/rails-1.1.2/lib/webrick_server.rb:115:in `handle_dispatch'
    C:/Users/EMMANU~1/DOWNLO~1/INSTAN~1.3A-/INSTAN~1/ruby/lib/ruby/gems/1.8/gems/rails-1.1.2/lib/webrick_server.rb:81:in `service'
    C:/Users/EMMANU~1/DOWNLO~1/INSTAN~1.3A-/INSTAN~1/ruby/lib/ruby/1.8/webrick/httpserver.rb:104:in `service'
    C:/Users/EMMANU~1/DOWNLO~1/INSTAN~1.3A-/INSTAN~1/ruby/lib/ruby/1.8/webrick/httpserver.rb:65:in `run'
    C:/Users/EMMANU~1/DOWNLO~1/INSTAN~1.3A-/INSTAN~1/ruby/lib/ruby/1.8/webrick/server.rb:173:in `start_thread'
    C:/Users/EMMANU~1/DOWNLO~1/INSTAN~1.3A-/INSTAN~1/ruby/lib/ruby/1.8/webrick/server.rb:162:in `start_thread'
    C:/Users/EMMANU~1/DOWNLO~1/INSTAN~1.3A-/INSTAN~1/ruby/lib/ruby/1.8/webrick/server.rb:95:in `start'
    C:/Users/EMMANU~1/DOWNLO~1/INSTAN~1.3A-/INSTAN~1/ruby/lib/ruby/1.8/webrick/server.rb:92:in `start'
    C:/Users/EMMANU~1/DOWNLO~1/INSTAN~1.3A-/INSTAN~1/ruby/lib/ruby/1.8/webrick/server.rb:23:in `start'
    C:/Users/EMMANU~1/DOWNLO~1/INSTAN~1.3A-/INSTAN~1/ruby/lib/ruby/1.8/webrick/server.rb:82:in `start'
    C:/Users/EMMANU~1/DOWNLO~1/INSTAN~1.3A-/INSTAN~1/ruby/lib/ruby/gems/1.8/gems/rails-1.1.2/lib/webrick_server.rb:67:in `dispatch'
    C:/Users/EMMANU~1/DOWNLO~1/INSTAN~1.3A-/INSTAN~1/ruby/lib/ruby/gems/1.8/gems/rails-1.1.2/lib/commands/servers/webrick.rb:59
    C:/Users/EMMANU~1/DOWNLO~1/INSTAN~1.3A-/INSTAN~1/ruby/lib/ruby/site_ruby/1.8/rubygems/custom_require.rb:21:in `require'
    C:/Users/EMMANU~1/DOWNLO~1/INSTAN~1.3A-/INSTAN~1/ruby/lib/ruby/gems/1.8/gems/activesupport-1.3.1/lib/active_support/dependencies.rb:147:in `require'
    C:/Users/EMMANU~1/DOWNLO~1/INSTAN~1.3A-/INSTAN~1/ruby/lib/ruby/gems/1.8/gems/rails-1.1.2/lib/commands/server.rb:30
    C:/Users/EMMANU~1/DOWNLO~1/INSTAN~1.3A-/INSTAN~1/ruby/lib/ruby/site_ruby/1.8/rubygems/custom_require.rb:21:in `require'
    C:/Users/EMMANU~1/DOWNLO~1/INSTAN~1.3A-/INSTAN~1/ruby/lib/ruby/gems/1.8/gems/activesupport-1.3.1/lib/active_support/dependencies.rb:147:in `require'
    script/server:3


Rendering C:/Users/EMMANU~1/DOWNLO~1/INSTAN~1.3A-/INSTAN~1/ruby/lib/ruby/gems/1.8/gems/actionpack-1.12.1/lib/action_controller/templates/rescues/layout.rhtml (500 Internal Error)


Processing MembersController#index (for 127.0.0.1 at 2011-11-24 15:24:03) [GET]
  Session ID: 1f515f20dd04f8a581bb86dec9ea62a2
  Parameters: {"action"=>"index", "controller"=>"members"}


Mysql::Error (#28000Access denied for user 'root'@'localhost' (using password: YES)):
    C:/Users/EMMANU~1/DOWNLO~1/INSTAN~1.3A-/INSTAN~1/ruby/lib/ruby/gems/1.8/gems/activerecord-1.14.2/lib/active_record/vendor/mysql.rb:508:in `read'
    C:/Users/EMMANU~1/DOWNLO~1/INSTAN~1.3A-/INSTAN~1/ruby/lib/ruby/gems/1.8/gems/activerecord-1.14.2/lib/active_record/vendor/mysql.rb:150:in `real_connect'
    C:/Users/EMMANU~1/DOWNLO~1/INSTAN~1.3A-/INSTAN~1/ruby/lib/ruby/gems/1.8/gems/activerecord-1.14.2/lib/active_record/connection_adapters/mysql_adapter.rb:331:in `connect'
    C:/Users/EMMANU~1/DOWNLO~1/INSTAN~1.3A-/INSTAN~1/ruby/lib/ruby/gems/1.8/gems/activerecord-1.14.2/lib/active_record/connection_adapters/mysql_adapter.rb:88:in `initialize'
    C:/Users/EMMANU~1/DOWNLO~1/INSTAN~1.3A-/INSTAN~1/ruby/lib/ruby/gems/1.8/gems/activerecord-1.14.2/lib/active_record/connection_adapters/mysql_adapter.rb:37:in `mysql_connection'
    C:/Users/EMMANU~1/DOWNLO~1/INSTAN~1.3A-/INSTAN~1/ruby/lib/ruby/gems/1.8/gems/activerecord-1.14.2/lib/active_record/connection_adapters/abstract/connection_specification.rb:251:in `connection_without_query_cache='
    C:/Users/EMMANU~1/DOWNLO~1/INSTAN~1.3A-/INSTAN~1/ruby/lib/ruby/gems/1.8/gems/activerecord-1.14.2/lib/active_record/query_cache.rb:54:in `connection='
    C:/Users/EMMANU~1/DOWNLO~1/INSTAN~1.3A-/INSTAN~1/ruby/lib/ruby/gems/1.8/gems/activerecord-1.14.2/lib/active_record/connection_adapters/abstract/connection_specification.rb:220:in `retrieve_connection'
    C:/Users/EMMANU~1/DOWNLO~1/INSTAN~1.3A-/INSTAN~1/ruby/lib/ruby/gems/1.8/gems/activerecord-1.14.2/lib/active_record/connection_adapters/abstract/connection_specification.rb:78:in `connection'
    C:/Users/EMMANU~1/DOWNLO~1/INSTAN~1.3A-/INSTAN~1/ruby/lib/ruby/gems/1.8/gems/activerecord-1.14.2/lib/active_record/base.rb:1046:in `add_limit!'
    C:/Users/EMMANU~1/DOWNLO~1/INSTAN~1.3A-/INSTAN~1/ruby/lib/ruby/gems/1.8/gems/activerecord-1.14.2/lib/active_record/base.rb:1017:in `construct_finder_sql'
    C:/Users/EMMANU~1/DOWNLO~1/INSTAN~1.3A-/INSTAN~1/ruby/lib/ruby/gems/1.8/gems/activerecord-1.14.2/lib/active_record/base.rb:924:in `find_every'
    C:/Users/EMMANU~1/DOWNLO~1/INSTAN~1.3A-/INSTAN~1/ruby/lib/ruby/gems/1.8/gems/activerecord-1.14.2/lib/active_record/base.rb:381:in `find'
    /app/controllers/members_controller.rb:3:in `index'
    C:/Users/EMMANU~1/DOWNLO~1/INSTAN~1.3A-/INSTAN~1/ruby/lib/ruby/gems/1.8/gems/actionpack-1.12.1/lib/action_controller/base.rb:910:in `perform_action_without_filters'
    C:/Users/EMMANU~1/DOWNLO~1/INSTAN~1.3A-/INSTAN~1/ruby/lib/ruby/gems/1.8/gems/actionpack-1.12.1/lib/action_controller/filters.rb:368:in `perform_action_without_benchmark'
    C:/Users/EMMANU~1/DOWNLO~1/INSTAN~1.3A-/INSTAN~1/ruby/lib/ruby/gems/1.8/gems/actionpack-1.12.1/lib/action_controller/benchmarking.rb:69:in `perform_action_without_rescue'
    C:/Users/EMMANU~1/DOWNLO~1/INSTAN~1.3A-/INSTAN~1/ruby/lib/ruby/1.8/benchmark.rb:293:in `measure'
    C:/Users/EMMANU~1/DOWNLO~1/INSTAN~1.3A-/INSTAN~1/ruby/lib/ruby/gems/1.8/gems/actionpack-1.12.1/lib/action_controller/benchmarking.rb:69:in `perform_action_without_rescue'
    C:/Users/EMMANU~1/DOWNLO~1/INSTAN~1.3A-/INSTAN~1/ruby/lib/ruby/gems/1.8/gems/actionpack-1.12.1/lib/action_controller/rescue.rb:82:in `perform_action'
    C:/Users/EMMANU~1/DOWNLO~1/INSTAN~1.3A-/INSTAN~1/ruby/lib/ruby/gems/1.8/gems/actionpack-1.12.1/lib/action_controller/base.rb:381:in `process_without_filters'
    C:/Users/EMMANU~1/DOWNLO~1/INSTAN~1.3A-/INSTAN~1/ruby/lib/ruby/gems/1.8/gems/actionpack-1.12.1/lib/action_controller/filters.rb:377:in `process_without_session_management_support'
    C:/Users/EMMANU~1/DOWNLO~1/INSTAN~1.3A-/INSTAN~1/ruby/lib/ruby/gems/1.8/gems/actionpack-1.12.1/lib/action_controller/session_management.rb:117:in `process'
    C:/Users/EMMANU~1/DOWNLO~1/INSTAN~1.3A-/INSTAN~1/ruby/lib/ruby/gems/1.8/gems/rails-1.1.2/lib/dispatcher.rb:38:in `dispatch'
    C:/Users/EMMANU~1/DOWNLO~1/INSTAN~1.3A-/INSTAN~1/ruby/lib/ruby/gems/1.8/gems/rails-1.1.2/lib/webrick_server.rb:115:in `handle_dispatch'
    C:/Users/EMMANU~1/DOWNLO~1/INSTAN~1.3A-/INSTAN~1/ruby/lib/ruby/gems/1.8/gems/rails-1.1.2/lib/webrick_server.rb:81:in `service'
    C:/Users/EMMANU~1/DOWNLO~1/INSTAN~1.3A-/INSTAN~1/ruby/lib/ruby/1.8/webrick/httpserver.rb:104:in `service'
    C:/Users/EMMANU~1/DOWNLO~1/INSTAN~1.3A-/INSTAN~1/ruby/lib/ruby/1.8/webrick/httpserver.rb:65:in `run'
    C:/Users/EMMANU~1/DOWNLO~1/INSTAN~1.3A-/INSTAN~1/ruby/lib/ruby/1.8/webrick/server.rb:173:in `start_thread'
    C:/Users/EMMANU~1/DOWNLO~1/INSTAN~1.3A-/INSTAN~1/ruby/lib/ruby/1.8/webrick/server.rb:162:in `start_thread'
    C:/Users/EMMANU~1/DOWNLO~1/INSTAN~1.3A-/INSTAN~1/ruby/lib/ruby/1.8/webrick/server.rb:95:in `start'
    C:/Users/EMMANU~1/DOWNLO~1/INSTAN~1.3A-/INSTAN~1/ruby/lib/ruby/1.8/webrick/server.rb:92:in `start'
    C:/Users/EMMANU~1/DOWNLO~1/INSTAN~1.3A-/INSTAN~1/ruby/lib/ruby/1.8/webrick/server.rb:23:in `start'
    C:/Users/EMMANU~1/DOWNLO~1/INSTAN~1.3A-/INSTAN~1/ruby/lib/ruby/1.8/webrick/server.rb:82:in `start'
    C:/Users/EMMANU~1/DOWNLO~1/INSTAN~1.3A-/INSTAN~1/ruby/lib/ruby/gems/1.8/gems/rails-1.1.2/lib/webrick_server.rb:67:in `dispatch'
    C:/Users/EMMANU~1/DOWNLO~1/INSTAN~1.3A-/INSTAN~1/ruby/lib/ruby/gems/1.8/gems/rails-1.1.2/lib/commands/servers/webrick.rb:59
    C:/Users/EMMANU~1/DOWNLO~1/INSTAN~1.3A-/INSTAN~1/ruby/lib/ruby/site_ruby/1.8/rubygems/custom_require.rb:21:in `require'
    C:/Users/EMMANU~1/DOWNLO~1/INSTAN~1.3A-/INSTAN~1/ruby/lib/ruby/gems/1.8/gems/activesupport-1.3.1/lib/active_support/dependencies.rb:147:in `require'
    C:/Users/EMMANU~1/DOWNLO~1/INSTAN~1.3A-/INSTAN~1/ruby/lib/ruby/gems/1.8/gems/rails-1.1.2/lib/commands/server.rb:30
    C:/Users/EMMANU~1/DOWNLO~1/INSTAN~1.3A-/INSTAN~1/ruby/lib/ruby/site_ruby/1.8/rubygems/custom_require.rb:21:in `require'
    C:/Users/EMMANU~1/DOWNLO~1/INSTAN~1.3A-/INSTAN~1/ruby/lib/ruby/gems/1.8/gems/activesupport-1.3.1/lib/active_support/dependencies.rb:147:in `require'
    script/server:3


Rendering C:/Users/EMMANU~1/DOWNLO~1/INSTAN~1.3A-/INSTAN~1/ruby/lib/ruby/gems/1.8/gems/actionpack-1.12.1/lib/action_controller/templates/rescues/layout.rhtml (500 Internal Error)
  [4;36;1mRole Columns (0.001000)[0m   [0;1mSHOW FIELDS FROM roles[0m
  [4;36;1mUser Columns (0.000000)[0m   [0;1mMysql::Error: #42S02Table 'demidvlp.users' doesn't exist: SHOW FIELDS FROM users[0m
  [4;36;1mStSupervisors Columns (0.001000)[0m   [0;1mSHOW FIELDS FROM st_supervisors[0m


Processing RoleController#index (for 127.0.0.1 at 2011-11-25 00:38:54) [GET]
  Session ID: 1f515f20dd04f8a581bb86dec9ea62a2
  Parameters: {"action"=>"index", "controller"=>"role"}
  [4;36;1mRole Columns (0.011000)[0m   [0;1mSHOW FIELDS FROM roles[0m
  [4;35;1mSQL (0.001000)[0m   [0mSELECT count(*) AS count_all FROM roles [0m
  [4;36;1mRole Load (0.014000)[0m   [0;1mSELECT * FROM roles LIMIT 0, 10[0m
Rendering actionlistlayoutfalse within layouts/role
Rendering role/list
Completed in 0.26600 (3 reqs/sec) | Rendering: 0.00800 (3%) | DB: 0.02600 (9%) | 200 OK [http://localhost/role]


Processing RoleController#new (for 127.0.0.1 at 2011-11-25 00:39:01) [GET]
  Session ID: 1f515f20dd04f8a581bb86dec9ea62a2
  Parameters: {"action"=>"new", "controller"=>"role"}
  [4;35;1mRole Columns (0.002000)[0m   [0mSHOW FIELDS FROM roles[0m
Rendering  within layouts/role
Rendering role/new
Rendered role/_form (0.00200)
Completed in 0.01400 (71 reqs/sec) | Rendering: 0.00600 (42%) | DB: 0.00200 (14%) | 200 OK [http://localhost/role/new]


Processing RoleController#create (for 127.0.0.1 at 2011-11-25 00:40:03) [POST]
  Session ID: 1f515f20dd04f8a581bb86dec9ea62a2
  Parameters: {"commit"=>"Create", "role"=>{"name"=>"Guest", "description"=>"For newly Created users"}, "action"=>"create", "controller"=>"role"}
  [4;36;1mRole Columns (0.002000)[0m   [0;1mSHOW FIELDS FROM roles[0m
  [4;35;1mSQL (0.003000)[0m   [0mBEGIN[0m
  [4;36;1mRole Load (0.021000)[0m   [0;1mSELECT * FROM roles WHERE (roles.name = 'Guest') LIMIT 1[0m
  [4;35;1mSQL (0.009000)[0m   [0mINSERT INTO roles (`name`, `description`) VALUES('Guest', 'For newly Created users')[0m
  [4;36;1mSQL (0.033000)[0m   [0;1mCOMMIT[0m
Redirected to http://localhost:3000/role/list
Completed in 0.07700 (12 reqs/sec) | DB: 0.06800 (88%) | 302 Found [http://localhost/role/create]


Processing RoleController#list (for 127.0.0.1 at 2011-11-25 00:40:03) [GET]
  Session ID: 1f515f20dd04f8a581bb86dec9ea62a2
  Parameters: {"action"=>"list", "controller"=>"role"}
  [4;35;1mRole Columns (0.001000)[0m   [0mSHOW FIELDS FROM roles[0m
  [4;36;1mSQL (0.000000)[0m   [0;1mSELECT count(*) AS count_all FROM roles [0m
  [4;35;1mRole Load (0.001000)[0m   [0mSELECT * FROM roles LIMIT 0, 10[0m
Rendering  within layouts/role
Rendering role/list
Completed in 0.01400 (71 reqs/sec) | Rendering: 0.00700 (50%) | DB: 0.00200 (14%) | 200 OK [http://localhost/role/list]


Processing RoleController#show (for 127.0.0.1 at 2011-11-25 00:40:07) [GET]
  Session ID: 1f515f20dd04f8a581bb86dec9ea62a2
  Parameters: {"action"=>"show", "id"=>"1", "controller"=>"role"}
  [4;36;1mRole Load (0.051000)[0m   [0;1mSELECT * FROM roles WHERE (roles.id = '1') LIMIT 1[0m


NameError (C:/Users/EMMANU~1/DOWNLO~1/INSTAN~1.3A-/INSTAN~1/ruby/lib/ruby/gems/1.8/gems/activesupport-1.3.1/lib/active_support/dependencies.rb:100:in `const_missing': uninitialized constant User):
    C:/Users/EMMANU~1/DOWNLO~1/INSTAN~1.3A-/INSTAN~1/ruby/lib/ruby/gems/1.8/gems/activerecord-1.14.2/lib/active_record/base.rb:1246:in `compute_type'
    C:/Users/EMMANU~1/DOWNLO~1/INSTAN~1.3A-/INSTAN~1/ruby/lib/ruby/gems/1.8/gems/activesupport-1.3.1/lib/active_support/dependencies.rb:131:in `const_missing'
    C:/Users/EMMANU~1/DOWNLO~1/INSTAN~1.3A-/INSTAN~1/ruby/lib/ruby/gems/1.8/gems/activesupport-1.3.1/lib/active_support/dependencies.rb:133:in `const_missing'
    (eval):1:in `compute_type'
    C:/Users/EMMANU~1/DOWNLO~1/INSTAN~1.3A-/INSTAN~1/ruby/lib/ruby/gems/1.8/gems/activerecord-1.14.2/lib/active_record/reflection.rb:112:in `klass'
    C:/Users/EMMANU~1/DOWNLO~1/INSTAN~1.3A-/INSTAN~1/ruby/lib/ruby/gems/1.8/gems/activerecord-1.14.2/lib/active_record/associations/has_many_association.rb:174:in `construct_sql'
    C:/Users/EMMANU~1/DOWNLO~1/INSTAN~1.3A-/INSTAN~1/ruby/lib/ruby/gems/1.8/gems/activerecord-1.14.2/lib/active_record/associations/has_many_association.rb:6:in `initialize'
    C:/Users/EMMANU~1/DOWNLO~1/INSTAN~1.3A-/INSTAN~1/ruby/lib/ruby/gems/1.8/gems/activerecord-1.14.2/lib/active_record/associations.rb:876:in `users'
    /app/controllers/role_controller.rb:17:in `show'
    C:/Users/EMMANU~1/DOWNLO~1/INSTAN~1.3A-/INSTAN~1/ruby/lib/ruby/gems/1.8/gems/actionpack-1.12.1/lib/action_controller/base.rb:910:in `perform_action_without_filters'
    C:/Users/EMMANU~1/DOWNLO~1/INSTAN~1.3A-/INSTAN~1/ruby/lib/ruby/gems/1.8/gems/actionpack-1.12.1/lib/action_controller/filters.rb:368:in `perform_action_without_benchmark'
    C:/Users/EMMANU~1/DOWNLO~1/INSTAN~1.3A-/INSTAN~1/ruby/lib/ruby/gems/1.8/gems/actionpack-1.12.1/lib/action_controller/benchmarking.rb:69:in `perform_action_without_rescue'
    C:/Users/EMMANU~1/DOWNLO~1/INSTAN~1.3A-/INSTAN~1/ruby/lib/ruby/1.8/benchmark.rb:293:in `measure'
    C:/Users/EMMANU~1/DOWNLO~1/INSTAN~1.3A-/INSTAN~1/ruby/lib/ruby/gems/1.8/gems/actionpack-1.12.1/lib/action_controller/benchmarking.rb:69:in `perform_action_without_rescue'
    C:/Users/EMMANU~1/DOWNLO~1/INSTAN~1.3A-/INSTAN~1/ruby/lib/ruby/gems/1.8/gems/actionpack-1.12.1/lib/action_controller/rescue.rb:82:in `perform_action'
    C:/Users/EMMANU~1/DOWNLO~1/INSTAN~1.3A-/INSTAN~1/ruby/lib/ruby/gems/1.8/gems/actionpack-1.12.1/lib/action_controller/base.rb:381:in `process_without_filters'
    C:/Users/EMMANU~1/DOWNLO~1/INSTAN~1.3A-/INSTAN~1/ruby/lib/ruby/gems/1.8/gems/actionpack-1.12.1/lib/action_controller/filters.rb:377:in `process_without_session_management_support'
    C:/Users/EMMANU~1/DOWNLO~1/INSTAN~1.3A-/INSTAN~1/ruby/lib/ruby/gems/1.8/gems/actionpack-1.12.1/lib/action_controller/session_management.rb:117:in `process'
    C:/Users/EMMANU~1/DOWNLO~1/INSTAN~1.3A-/INSTAN~1/ruby/lib/ruby/gems/1.8/gems/rails-1.1.2/lib/dispatcher.rb:38:in `dispatch'
    C:/Users/EMMANU~1/DOWNLO~1/INSTAN~1.3A-/INSTAN~1/ruby/lib/ruby/gems/1.8/gems/rails-1.1.2/lib/webrick_server.rb:115:in `handle_dispatch'
    C:/Users/EMMANU~1/DOWNLO~1/INSTAN~1.3A-/INSTAN~1/ruby/lib/ruby/gems/1.8/gems/rails-1.1.2/lib/webrick_server.rb:81:in `service'
    C:/Users/EMMANU~1/DOWNLO~1/INSTAN~1.3A-/INSTAN~1/ruby/lib/ruby/1.8/webrick/httpserver.rb:104:in `service'
    C:/Users/EMMANU~1/DOWNLO~1/INSTAN~1.3A-/INSTAN~1/ruby/lib/ruby/1.8/webrick/httpserver.rb:65:in `run'
    C:/Users/EMMANU~1/DOWNLO~1/INSTAN~1.3A-/INSTAN~1/ruby/lib/ruby/1.8/webrick/server.rb:173:in `start_thread'
    C:/Users/EMMANU~1/DOWNLO~1/INSTAN~1.3A-/INSTAN~1/ruby/lib/ruby/1.8/webrick/server.rb:162:in `start_thread'
    C:/Users/EMMANU~1/DOWNLO~1/INSTAN~1.3A-/INSTAN~1/ruby/lib/ruby/1.8/webrick/server.rb:95:in `start'
    C:/Users/EMMANU~1/DOWNLO~1/INSTAN~1.3A-/INSTAN~1/ruby/lib/ruby/1.8/webrick/server.rb:92:in `start'
    C:/Users/EMMANU~1/DOWNLO~1/INSTAN~1.3A-/INSTAN~1/ruby/lib/ruby/1.8/webrick/server.rb:23:in `start'
    C:/Users/EMMANU~1/DOWNLO~1/INSTAN~1.3A-/INSTAN~1/ruby/lib/ruby/1.8/webrick/server.rb:82:in `start'
    C:/Users/EMMANU~1/DOWNLO~1/INSTAN~1.3A-/INSTAN~1/ruby/lib/ruby/gems/1.8/gems/rails-1.1.2/lib/webrick_server.rb:67:in `dispatch'
    C:/Users/EMMANU~1/DOWNLO~1/INSTAN~1.3A-/INSTAN~1/ruby/lib/ruby/gems/1.8/gems/rails-1.1.2/lib/commands/servers/webrick.rb:59
    C:/Users/EMMANU~1/DOWNLO~1/INSTAN~1.3A-/INSTAN~1/ruby/lib/ruby/site_ruby/1.8/rubygems/custom_require.rb:21:in `require'
    C:/Users/EMMANU~1/DOWNLO~1/INSTAN~1.3A-/INSTAN~1/ruby/lib/ruby/gems/1.8/gems/activesupport-1.3.1/lib/active_support/dependencies.rb:147:in `require'
    C:/Users/EMMANU~1/DOWNLO~1/INSTAN~1.3A-/INSTAN~1/ruby/lib/ruby/gems/1.8/gems/rails-1.1.2/lib/commands/server.rb:30
    C:/Users/EMMANU~1/DOWNLO~1/INSTAN~1.3A-/INSTAN~1/ruby/lib/ruby/site_ruby/1.8/rubygems/custom_require.rb:21:in `require'
    C:/Users/EMMANU~1/DOWNLO~1/INSTAN~1.3A-/INSTAN~1/ruby/lib/ruby/gems/1.8/gems/activesupport-1.3.1/lib/active_support/dependencies.rb:147:in `require'
    script/server:3


Rendering C:/Users/EMMANU~1/DOWNLO~1/INSTAN~1.3A-/INSTAN~1/ruby/lib/ruby/gems/1.8/gems/actionpack-1.12.1/lib/action_controller/templates/rescues/layout.rhtml (500 Internal Error)


Processing RoleController#edit (for 127.0.0.1 at 2011-11-25 00:40:11) [GET]
  Session ID: 1f515f20dd04f8a581bb86dec9ea62a2
  Parameters: {"action"=>"edit", "id"=>"1", "controller"=>"role"}
  [4;35;1mRole Load (0.002000)[0m   [0mSELECT * FROM roles WHERE (roles.id = '1') LIMIT 1[0m
Rendering  within layouts/role
Rendering role/edit
  [4;36;1mRole Columns (0.001000)[0m   [0;1mSHOW FIELDS FROM roles[0m
Rendered role/_form (0.00100)
Completed in 0.01600 (62 reqs/sec) | Rendering: 0.00600 (37%) | DB: 0.05400 (337%) | 200 OK [http://localhost/role/edit/1]


Processing RoleController#list (for 127.0.0.1 at 2011-11-25 00:40:15) [GET]
  Session ID: 1f515f20dd04f8a581bb86dec9ea62a2
  Parameters: {"action"=>"list", "controller"=>"role"}
  [4;35;1mRole Columns (0.002000)[0m   [0mSHOW FIELDS FROM roles[0m
  [4;36;1mSQL (0.003000)[0m   [0;1mSELECT count(*) AS count_all FROM roles [0m
  [4;35;1mRole Load (0.009000)[0m   [0mSELECT * FROM roles LIMIT 0, 10[0m
Rendering  within layouts/role
Rendering role/list
Completed in 0.04100 (24 reqs/sec) | Rendering: 0.01100 (26%) | DB: 0.01400 (34%) | 200 OK [http://localhost/role/list]


Processing RoleController#index (for 127.0.0.1 at 2011-11-25 00:58:33) [GET]
  Session ID: 1f515f20dd04f8a581bb86dec9ea62a2
  Parameters: {"action"=>"index", "controller"=>"role"}
  [4;36;1mRole Columns (0.004000)[0m   [0;1mSHOW FIELDS FROM roles[0m
  [4;35;1mSQL (0.002000)[0m   [0mSELECT count(*) AS count_all FROM roles [0m
  [4;36;1mRole Load (0.004000)[0m   [0;1mSELECT * FROM roles LIMIT 0, 10[0m
Rendering actionlistlayoutfalse within layouts/role
Rendering role/list
Completed in 0.02100 (47 reqs/sec) | Rendering: 0.00300 (14%) | DB: 0.01000 (47%) | 200 OK [http://localhost/role]


Processing RoleController#show (for 127.0.0.1 at 2011-11-25 00:58:36) [GET]
  Session ID: 1f515f20dd04f8a581bb86dec9ea62a2
  Parameters: {"action"=>"show", "id"=>"1", "controller"=>"role"}
  [4;35;1mRole Load (0.001000)[0m   [0mSELECT * FROM roles WHERE (roles.id = '1') LIMIT 1[0m


NameError (C:/Users/EMMANU~1/DOWNLO~1/INSTAN~1.3A-/INSTAN~1/ruby/lib/ruby/gems/1.8/gems/activesupport-1.3.1/lib/active_support/dependencies.rb:100:in `const_missing': uninitialized constant User):
    C:/Users/EMMANU~1/DOWNLO~1/INSTAN~1.3A-/INSTAN~1/ruby/lib/ruby/gems/1.8/gems/activerecord-1.14.2/lib/active_record/base.rb:1246:in `compute_type'
    C:/Users/EMMANU~1/DOWNLO~1/INSTAN~1.3A-/INSTAN~1/ruby/lib/ruby/gems/1.8/gems/activesupport-1.3.1/lib/active_support/dependencies.rb:131:in `const_missing'
    C:/Users/EMMANU~1/DOWNLO~1/INSTAN~1.3A-/INSTAN~1/ruby/lib/ruby/gems/1.8/gems/activesupport-1.3.1/lib/active_support/dependencies.rb:133:in `const_missing'
    (eval):1:in `compute_type'
    C:/Users/EMMANU~1/DOWNLO~1/INSTAN~1.3A-/INSTAN~1/ruby/lib/ruby/gems/1.8/gems/activerecord-1.14.2/lib/active_record/reflection.rb:112:in `klass'
    C:/Users/EMMANU~1/DOWNLO~1/INSTAN~1.3A-/INSTAN~1/ruby/lib/ruby/gems/1.8/gems/activerecord-1.14.2/lib/active_record/associations/has_many_association.rb:174:in `construct_sql'
    C:/Users/EMMANU~1/DOWNLO~1/INSTAN~1.3A-/INSTAN~1/ruby/lib/ruby/gems/1.8/gems/activerecord-1.14.2/lib/active_record/associations/has_many_association.rb:6:in `initialize'
    C:/Users/EMMANU~1/DOWNLO~1/INSTAN~1.3A-/INSTAN~1/ruby/lib/ruby/gems/1.8/gems/activerecord-1.14.2/lib/active_record/associations.rb:876:in `users'
    /app/controllers/role_controller.rb:17:in `show'
    C:/Users/EMMANU~1/DOWNLO~1/INSTAN~1.3A-/INSTAN~1/ruby/lib/ruby/gems/1.8/gems/actionpack-1.12.1/lib/action_controller/base.rb:910:in `perform_action_without_filters'
    C:/Users/EMMANU~1/DOWNLO~1/INSTAN~1.3A-/INSTAN~1/ruby/lib/ruby/gems/1.8/gems/actionpack-1.12.1/lib/action_controller/filters.rb:368:in `perform_action_without_benchmark'
    C:/Users/EMMANU~1/DOWNLO~1/INSTAN~1.3A-/INSTAN~1/ruby/lib/ruby/gems/1.8/gems/actionpack-1.12.1/lib/action_controller/benchmarking.rb:69:in `perform_action_without_rescue'
    C:/Users/EMMANU~1/DOWNLO~1/INSTAN~1.3A-/INSTAN~1/ruby/lib/ruby/1.8/benchmark.rb:293:in `measure'
    C:/Users/EMMANU~1/DOWNLO~1/INSTAN~1.3A-/INSTAN~1/ruby/lib/ruby/gems/1.8/gems/actionpack-1.12.1/lib/action_controller/benchmarking.rb:69:in `perform_action_without_rescue'
    C:/Users/EMMANU~1/DOWNLO~1/INSTAN~1.3A-/INSTAN~1/ruby/lib/ruby/gems/1.8/gems/actionpack-1.12.1/lib/action_controller/rescue.rb:82:in `perform_action'
    C:/Users/EMMANU~1/DOWNLO~1/INSTAN~1.3A-/INSTAN~1/ruby/lib/ruby/gems/1.8/gems/actionpack-1.12.1/lib/action_controller/base.rb:381:in `process_without_filters'
    C:/Users/EMMANU~1/DOWNLO~1/INSTAN~1.3A-/INSTAN~1/ruby/lib/ruby/gems/1.8/gems/actionpack-1.12.1/lib/action_controller/filters.rb:377:in `process_without_session_management_support'
    C:/Users/EMMANU~1/DOWNLO~1/INSTAN~1.3A-/INSTAN~1/ruby/lib/ruby/gems/1.8/gems/actionpack-1.12.1/lib/action_controller/session_management.rb:117:in `process'
    C:/Users/EMMANU~1/DOWNLO~1/INSTAN~1.3A-/INSTAN~1/ruby/lib/ruby/gems/1.8/gems/rails-1.1.2/lib/dispatcher.rb:38:in `dispatch'
    C:/Users/EMMANU~1/DOWNLO~1/INSTAN~1.3A-/INSTAN~1/ruby/lib/ruby/gems/1.8/gems/rails-1.1.2/lib/webrick_server.rb:115:in `handle_dispatch'
    C:/Users/EMMANU~1/DOWNLO~1/INSTAN~1.3A-/INSTAN~1/ruby/lib/ruby/gems/1.8/gems/rails-1.1.2/lib/webrick_server.rb:81:in `service'
    C:/Users/EMMANU~1/DOWNLO~1/INSTAN~1.3A-/INSTAN~1/ruby/lib/ruby/1.8/webrick/httpserver.rb:104:in `service'
    C:/Users/EMMANU~1/DOWNLO~1/INSTAN~1.3A-/INSTAN~1/ruby/lib/ruby/1.8/webrick/httpserver.rb:65:in `run'
    C:/Users/EMMANU~1/DOWNLO~1/INSTAN~1.3A-/INSTAN~1/ruby/lib/ruby/1.8/webrick/server.rb:173:in `start_thread'
    C:/Users/EMMANU~1/DOWNLO~1/INSTAN~1.3A-/INSTAN~1/ruby/lib/ruby/1.8/webrick/server.rb:162:in `start_thread'
    C:/Users/EMMANU~1/DOWNLO~1/INSTAN~1.3A-/INSTAN~1/ruby/lib/ruby/1.8/webrick/server.rb:95:in `start'
    C:/Users/EMMANU~1/DOWNLO~1/INSTAN~1.3A-/INSTAN~1/ruby/lib/ruby/1.8/webrick/server.rb:92:in `start'
    C:/Users/EMMANU~1/DOWNLO~1/INSTAN~1.3A-/INSTAN~1/ruby/lib/ruby/1.8/webrick/server.rb:23:in `start'
    C:/Users/EMMANU~1/DOWNLO~1/INSTAN~1.3A-/INSTAN~1/ruby/lib/ruby/1.8/webrick/server.rb:82:in `start'
    C:/Users/EMMANU~1/DOWNLO~1/INSTAN~1.3A-/INSTAN~1/ruby/lib/ruby/gems/1.8/gems/rails-1.1.2/lib/webrick_server.rb:67:in `dispatch'
    C:/Users/EMMANU~1/DOWNLO~1/INSTAN~1.3A-/INSTAN~1/ruby/lib/ruby/gems/1.8/gems/rails-1.1.2/lib/commands/servers/webrick.rb:59
    C:/Users/EMMANU~1/DOWNLO~1/INSTAN~1.3A-/INSTAN~1/ruby/lib/ruby/site_ruby/1.8/rubygems/custom_require.rb:21:in `require'
    C:/Users/EMMANU~1/DOWNLO~1/INSTAN~1.3A-/INSTAN~1/ruby/lib/ruby/gems/1.8/gems/activesupport-1.3.1/lib/active_support/dependencies.rb:147:in `require'
    C:/Users/EMMANU~1/DOWNLO~1/INSTAN~1.3A-/INSTAN~1/ruby/lib/ruby/gems/1.8/gems/rails-1.1.2/lib/commands/server.rb:30
    C:/Users/EMMANU~1/DOWNLO~1/INSTAN~1.3A-/INSTAN~1/ruby/lib/ruby/site_ruby/1.8/rubygems/custom_require.rb:21:in `require'
    C:/Users/EMMANU~1/DOWNLO~1/INSTAN~1.3A-/INSTAN~1/ruby/lib/ruby/gems/1.8/gems/activesupport-1.3.1/lib/active_support/dependencies.rb:147:in `require'
    script/server:3


Rendering C:/Users/EMMANU~1/DOWNLO~1/INSTAN~1.3A-/INSTAN~1/ruby/lib/ruby/gems/1.8/gems/actionpack-1.12.1/lib/action_controller/templates/rescues/layout.rhtml (500 Internal Error)


Processing RoleController#edit (for 127.0.0.1 at 2011-11-25 00:58:46) [GET]
  Session ID: 1f515f20dd04f8a581bb86dec9ea62a2
  Parameters: {"action"=>"edit", "id"=>"1", "controller"=>"role"}
  [4;36;1mRole Load (0.001000)[0m   [0;1mSELECT * FROM roles WHERE (roles.id = '1') LIMIT 1[0m
Rendering  within layouts/role
Rendering role/edit
  [4;35;1mRole Columns (0.001000)[0m   [0mSHOW FIELDS FROM roles[0m
Rendered role/_form (0.00100)
Completed in 0.01100 (90 reqs/sec) | Rendering: 0.00400 (36%) | DB: 0.00300 (27%) | 200 OK [http://localhost/role/edit/1]


Processing RoleController#list (for 127.0.0.1 at 2011-11-25 00:58:48) [GET]
  Session ID: 1f515f20dd04f8a581bb86dec9ea62a2
  Parameters: {"action"=>"list", "controller"=>"role"}
  [4;36;1mRole Columns (0.001000)[0m   [0;1mSHOW FIELDS FROM roles[0m
  [4;35;1mSQL (0.001000)[0m   [0mSELECT count(*) AS count_all FROM roles [0m
  [4;36;1mRole Load (0.001000)[0m   [0;1mSELECT * FROM roles LIMIT 0, 10[0m
Rendering  within layouts/role
Rendering role/list
Completed in 0.01300 (76 reqs/sec) | Rendering: 0.00300 (23%) | DB: 0.00300 (23%) | 200 OK [http://localhost/role/list]


Processing Base#index (for 127.0.0.1 at 2011-11-25 00:59:20) [GET]
  Session ID: 1f515f20dd04f8a581bb86dec9ea62a2
  Parameters: {}


ActionController::RoutingError (Recognition failed for "/user"):
    C:/Users/EMMANU~1/DOWNLO~1/INSTAN~1.3A-/INSTAN~1/ruby/lib/ruby/gems/1.8/gems/actionpack-1.12.1/lib/action_controller/routing.rb:488:in `recognition_failed'
    C:/Users/EMMANU~1/DOWNLO~1/INSTAN~1.3A-/INSTAN~1/ruby/lib/ruby/gems/1.8/gems/actionpack-1.12.1/lib/action_controller/routing.rb:478:in `recognize!'
    C:/Users/EMMANU~1/DOWNLO~1/INSTAN~1.3A-/INSTAN~1/ruby/lib/ruby/gems/1.8/gems/rails-1.1.2/lib/dispatcher.rb:38:in `dispatch'
    C:/Users/EMMANU~1/DOWNLO~1/INSTAN~1.3A-/INSTAN~1/ruby/lib/ruby/gems/1.8/gems/rails-1.1.2/lib/webrick_server.rb:115:in `handle_dispatch'
    C:/Users/EMMANU~1/DOWNLO~1/INSTAN~1.3A-/INSTAN~1/ruby/lib/ruby/gems/1.8/gems/rails-1.1.2/lib/webrick_server.rb:81:in `service'
    C:/Users/EMMANU~1/DOWNLO~1/INSTAN~1.3A-/INSTAN~1/ruby/lib/ruby/1.8/webrick/httpserver.rb:104:in `service'
    C:/Users/EMMANU~1/DOWNLO~1/INSTAN~1.3A-/INSTAN~1/ruby/lib/ruby/1.8/webrick/httpserver.rb:65:in `run'
    C:/Users/EMMANU~1/DOWNLO~1/INSTAN~1.3A-/INSTAN~1/ruby/lib/ruby/1.8/webrick/server.rb:173:in `start_thread'
    C:/Users/EMMANU~1/DOWNLO~1/INSTAN~1.3A-/INSTAN~1/ruby/lib/ruby/1.8/webrick/server.rb:162:in `start_thread'
    C:/Users/EMMANU~1/DOWNLO~1/INSTAN~1.3A-/INSTAN~1/ruby/lib/ruby/1.8/webrick/server.rb:95:in `start'
    C:/Users/EMMANU~1/DOWNLO~1/INSTAN~1.3A-/INSTAN~1/ruby/lib/ruby/1.8/webrick/server.rb:92:in `start'
    C:/Users/EMMANU~1/DOWNLO~1/INSTAN~1.3A-/INSTAN~1/ruby/lib/ruby/1.8/webrick/server.rb:23:in `start'
    C:/Users/EMMANU~1/DOWNLO~1/INSTAN~1.3A-/INSTAN~1/ruby/lib/ruby/1.8/webrick/server.rb:82:in `start'
    C:/Users/EMMANU~1/DOWNLO~1/INSTAN~1.3A-/INSTAN~1/ruby/lib/ruby/gems/1.8/gems/rails-1.1.2/lib/webrick_server.rb:67:in `dispatch'
    C:/Users/EMMANU~1/DOWNLO~1/INSTAN~1.3A-/INSTAN~1/ruby/lib/ruby/gems/1.8/gems/rails-1.1.2/lib/commands/servers/webrick.rb:59
    C:/Users/EMMANU~1/DOWNLO~1/INSTAN~1.3A-/INSTAN~1/ruby/lib/ruby/site_ruby/1.8/rubygems/custom_require.rb:21:in `require'
    C:/Users/EMMANU~1/DOWNLO~1/INSTAN~1.3A-/INSTAN~1/ruby/lib/ruby/gems/1.8/gems/activesupport-1.3.1/lib/active_support/dependencies.rb:147:in `require'
    C:/Users/EMMANU~1/DOWNLO~1/INSTAN~1.3A-/INSTAN~1/ruby/lib/ruby/gems/1.8/gems/rails-1.1.2/lib/commands/server.rb:30
    C:/Users/EMMANU~1/DOWNLO~1/INSTAN~1.3A-/INSTAN~1/ruby/lib/ruby/site_ruby/1.8/rubygems/custom_require.rb:21:in `require'
    C:/Users/EMMANU~1/DOWNLO~1/INSTAN~1.3A-/INSTAN~1/ruby/lib/ruby/gems/1.8/gems/activesupport-1.3.1/lib/active_support/dependencies.rb:147:in `require'
    script/server:3


Rendering C:/Users/EMMANU~1/DOWNLO~1/INSTAN~1.3A-/INSTAN~1/ruby/lib/ruby/gems/1.8/gems/actionpack-1.12.1/lib/action_controller/templates/rescues/layout.rhtml (404 Page Not Found)


Processing StSupervisorsController#index (for 127.0.0.1 at 2011-11-25 00:59:33) [GET]
  Session ID: 1f515f20dd04f8a581bb86dec9ea62a2
  Parameters: {"action"=>"index", "controller"=>"st_supervisors"}


NameError (uninitialized constant StSupervisor):
    C:/Users/EMMANU~1/DOWNLO~1/INSTAN~1.3A-/INSTAN~1/ruby/lib/ruby/gems/1.8/gems/activesupport-1.3.1/lib/active_support/dependencies.rb:123:in `const_missing'
    C:/Users/EMMANU~1/DOWNLO~1/INSTAN~1.3A-/INSTAN~1/ruby/lib/ruby/gems/1.8/gems/activesupport-1.3.1/lib/active_support/dependencies.rb:131:in `const_missing'
    C:/Users/EMMANU~1/DOWNLO~1/INSTAN~1.3A-/INSTAN~1/ruby/lib/ruby/gems/1.8/gems/activesupport-1.3.1/lib/active_support/inflector.rb:161:in `constantize'
    C:/Users/EMMANU~1/DOWNLO~1/INSTAN~1.3A-/INSTAN~1/ruby/lib/ruby/gems/1.8/gems/activesupport-1.3.1/lib/active_support/core_ext/string/inflections.rb:59:in `constantize'
    C:/Users/EMMANU~1/DOWNLO~1/INSTAN~1.3A-/INSTAN~1/ruby/lib/ruby/gems/1.8/gems/actionpack-1.12.1/lib/action_controller/pagination.rb:194:in `paginator_and_collection_for'
    C:/Users/EMMANU~1/DOWNLO~1/INSTAN~1.3A-/INSTAN~1/ruby/lib/ruby/gems/1.8/gems/actionpack-1.12.1/lib/action_controller/pagination.rb:129:in `paginate'
    /app/controllers/st_supervisors_controller.rb:12:in `list'
    /app/controllers/st_supervisors_controller.rb:3:in `index'
    C:/Users/EMMANU~1/DOWNLO~1/INSTAN~1.3A-/INSTAN~1/ruby/lib/ruby/gems/1.8/gems/actionpack-1.12.1/lib/action_controller/base.rb:910:in `perform_action_without_filters'
    C:/Users/EMMANU~1/DOWNLO~1/INSTAN~1.3A-/INSTAN~1/ruby/lib/ruby/gems/1.8/gems/actionpack-1.12.1/lib/action_controller/filters.rb:368:in `perform_action_without_benchmark'
    C:/Users/EMMANU~1/DOWNLO~1/INSTAN~1.3A-/INSTAN~1/ruby/lib/ruby/gems/1.8/gems/actionpack-1.12.1/lib/action_controller/benchmarking.rb:69:in `perform_action_without_rescue'
    C:/Users/EMMANU~1/DOWNLO~1/INSTAN~1.3A-/INSTAN~1/ruby/lib/ruby/1.8/benchmark.rb:293:in `measure'
    C:/Users/EMMANU~1/DOWNLO~1/INSTAN~1.3A-/INSTAN~1/ruby/lib/ruby/gems/1.8/gems/actionpack-1.12.1/lib/action_controller/benchmarking.rb:69:in `perform_action_without_rescue'
    C:/Users/EMMANU~1/DOWNLO~1/INSTAN~1.3A-/INSTAN~1/ruby/lib/ruby/gems/1.8/gems/actionpack-1.12.1/lib/action_controller/rescue.rb:82:in `perform_action'
    C:/Users/EMMANU~1/DOWNLO~1/INSTAN~1.3A-/INSTAN~1/ruby/lib/ruby/gems/1.8/gems/actionpack-1.12.1/lib/action_controller/base.rb:381:in `process_without_filters'
    C:/Users/EMMANU~1/DOWNLO~1/INSTAN~1.3A-/INSTAN~1/ruby/lib/ruby/gems/1.8/gems/actionpack-1.12.1/lib/action_controller/filters.rb:377:in `process_without_session_management_support'
    C:/Users/EMMANU~1/DOWNLO~1/INSTAN~1.3A-/INSTAN~1/ruby/lib/ruby/gems/1.8/gems/actionpack-1.12.1/lib/action_controller/session_management.rb:117:in `process'
    C:/Users/EMMANU~1/DOWNLO~1/INSTAN~1.3A-/INSTAN~1/ruby/lib/ruby/gems/1.8/gems/rails-1.1.2/lib/dispatcher.rb:38:in `dispatch'
    C:/Users/EMMANU~1/DOWNLO~1/INSTAN~1.3A-/INSTAN~1/ruby/lib/ruby/gems/1.8/gems/rails-1.1.2/lib/webrick_server.rb:115:in `handle_dispatch'
    C:/Users/EMMANU~1/DOWNLO~1/INSTAN~1.3A-/INSTAN~1/ruby/lib/ruby/gems/1.8/gems/rails-1.1.2/lib/webrick_server.rb:81:in `service'
    C:/Users/EMMANU~1/DOWNLO~1/INSTAN~1.3A-/INSTAN~1/ruby/lib/ruby/1.8/webrick/httpserver.rb:104:in `service'
    C:/Users/EMMANU~1/DOWNLO~1/INSTAN~1.3A-/INSTAN~1/ruby/lib/ruby/1.8/webrick/httpserver.rb:65:in `run'
    C:/Users/EMMANU~1/DOWNLO~1/INSTAN~1.3A-/INSTAN~1/ruby/lib/ruby/1.8/webrick/server.rb:173:in `start_thread'
    C:/Users/EMMANU~1/DOWNLO~1/INSTAN~1.3A-/INSTAN~1/ruby/lib/ruby/1.8/webrick/server.rb:162:in `start_thread'
    C:/Users/EMMANU~1/DOWNLO~1/INSTAN~1.3A-/INSTAN~1/ruby/lib/ruby/1.8/webrick/server.rb:95:in `start'
    C:/Users/EMMANU~1/DOWNLO~1/INSTAN~1.3A-/INSTAN~1/ruby/lib/ruby/1.8/webrick/server.rb:92:in `start'
    C:/Users/EMMANU~1/DOWNLO~1/INSTAN~1.3A-/INSTAN~1/ruby/lib/ruby/1.8/webrick/server.rb:23:in `start'
    C:/Users/EMMANU~1/DOWNLO~1/INSTAN~1.3A-/INSTAN~1/ruby/lib/ruby/1.8/webrick/server.rb:82:in `start'
    C:/Users/EMMANU~1/DOWNLO~1/INSTAN~1.3A-/INSTAN~1/ruby/lib/ruby/gems/1.8/gems/rails-1.1.2/lib/webrick_server.rb:67:in `dispatch'
    C:/Users/EMMANU~1/DOWNLO~1/INSTAN~1.3A-/INSTAN~1/ruby/lib/ruby/gems/1.8/gems/rails-1.1.2/lib/commands/servers/webrick.rb:59
    C:/Users/EMMANU~1/DOWNLO~1/INSTAN~1.3A-/INSTAN~1/ruby/lib/ruby/site_ruby/1.8/rubygems/custom_require.rb:21:in `require'
    C:/Users/EMMANU~1/DOWNLO~1/INSTAN~1.3A-/INSTAN~1/ruby/lib/ruby/gems/1.8/gems/activesupport-1.3.1/lib/active_support/dependencies.rb:147:in `require'
    C:/Users/EMMANU~1/DOWNLO~1/INSTAN~1.3A-/INSTAN~1/ruby/lib/ruby/gems/1.8/gems/rails-1.1.2/lib/commands/server.rb:30
    C:/Users/EMMANU~1/DOWNLO~1/INSTAN~1.3A-/INSTAN~1/ruby/lib/ruby/site_ruby/1.8/rubygems/custom_require.rb:21:in `require'
    C:/Users/EMMANU~1/DOWNLO~1/INSTAN~1.3A-/INSTAN~1/ruby/lib/ruby/gems/1.8/gems/activesupport-1.3.1/lib/active_support/dependencies.rb:147:in `require'
    script/server:3


Rendering C:/Users/EMMANU~1/DOWNLO~1/INSTAN~1.3A-/INSTAN~1/ruby/lib/ruby/gems/1.8/gems/actionpack-1.12.1/lib/action_controller/templates/rescues/layout.rhtml (500 Internal Error)


Processing StSupervisorsController#index (for 127.0.0.1 at 2011-11-25 00:59:47) [GET]
  Session ID: 1f515f20dd04f8a581bb86dec9ea62a2
  Parameters: {"action"=>"index", "controller"=>"st_supervisors"}


NameError (uninitialized constant StSupervisor):
    C:/Users/EMMANU~1/DOWNLO~1/INSTAN~1.3A-/INSTAN~1/ruby/lib/ruby/gems/1.8/gems/activesupport-1.3.1/lib/active_support/dependencies.rb:123:in `const_missing'
    C:/Users/EMMANU~1/DOWNLO~1/INSTAN~1.3A-/INSTAN~1/ruby/lib/ruby/gems/1.8/gems/activesupport-1.3.1/lib/active_support/dependencies.rb:131:in `const_missing'
    C:/Users/EMMANU~1/DOWNLO~1/INSTAN~1.3A-/INSTAN~1/ruby/lib/ruby/gems/1.8/gems/activesupport-1.3.1/lib/active_support/inflector.rb:161:in `constantize'
    C:/Users/EMMANU~1/DOWNLO~1/INSTAN~1.3A-/INSTAN~1/ruby/lib/ruby/gems/1.8/gems/activesupport-1.3.1/lib/active_support/core_ext/string/inflections.rb:59:in `constantize'
    C:/Users/EMMANU~1/DOWNLO~1/INSTAN~1.3A-/INSTAN~1/ruby/lib/ruby/gems/1.8/gems/actionpack-1.12.1/lib/action_controller/pagination.rb:194:in `paginator_and_collection_for'
    C:/Users/EMMANU~1/DOWNLO~1/INSTAN~1.3A-/INSTAN~1/ruby/lib/ruby/gems/1.8/gems/actionpack-1.12.1/lib/action_controller/pagination.rb:129:in `paginate'
    /app/controllers/st_supervisors_controller.rb:12:in `list'
    /app/controllers/st_supervisors_controller.rb:3:in `index'
    C:/Users/EMMANU~1/DOWNLO~1/INSTAN~1.3A-/INSTAN~1/ruby/lib/ruby/gems/1.8/gems/actionpack-1.12.1/lib/action_controller/base.rb:910:in `perform_action_without_filters'
    C:/Users/EMMANU~1/DOWNLO~1/INSTAN~1.3A-/INSTAN~1/ruby/lib/ruby/gems/1.8/gems/actionpack-1.12.1/lib/action_controller/filters.rb:368:in `perform_action_without_benchmark'
    C:/Users/EMMANU~1/DOWNLO~1/INSTAN~1.3A-/INSTAN~1/ruby/lib/ruby/gems/1.8/gems/actionpack-1.12.1/lib/action_controller/benchmarking.rb:69:in `perform_action_without_rescue'
    C:/Users/EMMANU~1/DOWNLO~1/INSTAN~1.3A-/INSTAN~1/ruby/lib/ruby/1.8/benchmark.rb:293:in `measure'
    C:/Users/EMMANU~1/DOWNLO~1/INSTAN~1.3A-/INSTAN~1/ruby/lib/ruby/gems/1.8/gems/actionpack-1.12.1/lib/action_controller/benchmarking.rb:69:in `perform_action_without_rescue'
    C:/Users/EMMANU~1/DOWNLO~1/INSTAN~1.3A-/INSTAN~1/ruby/lib/ruby/gems/1.8/gems/actionpack-1.12.1/lib/action_controller/rescue.rb:82:in `perform_action'
    C:/Users/EMMANU~1/DOWNLO~1/INSTAN~1.3A-/INSTAN~1/ruby/lib/ruby/gems/1.8/gems/actionpack-1.12.1/lib/action_controller/base.rb:381:in `process_without_filters'
    C:/Users/EMMANU~1/DOWNLO~1/INSTAN~1.3A-/INSTAN~1/ruby/lib/ruby/gems/1.8/gems/actionpack-1.12.1/lib/action_controller/filters.rb:377:in `process_without_session_management_support'
    C:/Users/EMMANU~1/DOWNLO~1/INSTAN~1.3A-/INSTAN~1/ruby/lib/ruby/gems/1.8/gems/actionpack-1.12.1/lib/action_controller/session_management.rb:117:in `process'
    C:/Users/EMMANU~1/DOWNLO~1/INSTAN~1.3A-/INSTAN~1/ruby/lib/ruby/gems/1.8/gems/rails-1.1.2/lib/dispatcher.rb:38:in `dispatch'
    C:/Users/EMMANU~1/DOWNLO~1/INSTAN~1.3A-/INSTAN~1/ruby/lib/ruby/gems/1.8/gems/rails-1.1.2/lib/webrick_server.rb:115:in `handle_dispatch'
    C:/Users/EMMANU~1/DOWNLO~1/INSTAN~1.3A-/INSTAN~1/ruby/lib/ruby/gems/1.8/gems/rails-1.1.2/lib/webrick_server.rb:81:in `service'
    C:/Users/EMMANU~1/DOWNLO~1/INSTAN~1.3A-/INSTAN~1/ruby/lib/ruby/1.8/webrick/httpserver.rb:104:in `service'
    C:/Users/EMMANU~1/DOWNLO~1/INSTAN~1.3A-/INSTAN~1/ruby/lib/ruby/1.8/webrick/httpserver.rb:65:in `run'
    C:/Users/EMMANU~1/DOWNLO~1/INSTAN~1.3A-/INSTAN~1/ruby/lib/ruby/1.8/webrick/server.rb:173:in `start_thread'
    C:/Users/EMMANU~1/DOWNLO~1/INSTAN~1.3A-/INSTAN~1/ruby/lib/ruby/1.8/webrick/server.rb:162:in `start_thread'
    C:/Users/EMMANU~1/DOWNLO~1/INSTAN~1.3A-/INSTAN~1/ruby/lib/ruby/1.8/webrick/server.rb:95:in `start'
    C:/Users/EMMANU~1/DOWNLO~1/INSTAN~1.3A-/INSTAN~1/ruby/lib/ruby/1.8/webrick/server.rb:92:in `start'
    C:/Users/EMMANU~1/DOWNLO~1/INSTAN~1.3A-/INSTAN~1/ruby/lib/ruby/1.8/webrick/server.rb:23:in `start'
    C:/Users/EMMANU~1/DOWNLO~1/INSTAN~1.3A-/INSTAN~1/ruby/lib/ruby/1.8/webrick/server.rb:82:in `start'
    C:/Users/EMMANU~1/DOWNLO~1/INSTAN~1.3A-/INSTAN~1/ruby/lib/ruby/gems/1.8/gems/rails-1.1.2/lib/webrick_server.rb:67:in `dispatch'
    C:/Users/EMMANU~1/DOWNLO~1/INSTAN~1.3A-/INSTAN~1/ruby/lib/ruby/gems/1.8/gems/rails-1.1.2/lib/commands/servers/webrick.rb:59
    C:/Users/EMMANU~1/DOWNLO~1/INSTAN~1.3A-/INSTAN~1/ruby/lib/ruby/site_ruby/1.8/rubygems/custom_require.rb:21:in `require'
    C:/Users/EMMANU~1/DOWNLO~1/INSTAN~1.3A-/INSTAN~1/ruby/lib/ruby/gems/1.8/gems/activesupport-1.3.1/lib/active_support/dependencies.rb:147:in `require'
    C:/Users/EMMANU~1/DOWNLO~1/INSTAN~1.3A-/INSTAN~1/ruby/lib/ruby/gems/1.8/gems/rails-1.1.2/lib/commands/server.rb:30
    C:/Users/EMMANU~1/DOWNLO~1/INSTAN~1.3A-/INSTAN~1/ruby/lib/ruby/site_ruby/1.8/rubygems/custom_require.rb:21:in `require'
    C:/Users/EMMANU~1/DOWNLO~1/INSTAN~1.3A-/INSTAN~1/ruby/lib/ruby/gems/1.8/gems/activesupport-1.3.1/lib/active_support/dependencies.rb:147:in `require'
    script/server:3


Rendering C:/Users/EMMANU~1/DOWNLO~1/INSTAN~1.3A-/INSTAN~1/ruby/lib/ruby/gems/1.8/gems/actionpack-1.12.1/lib/action_controller/templates/rescues/layout.rhtml (500 Internal Error)


Processing Base#index (for 127.0.0.1 at 2011-11-25 00:59:51) [GET]
  Session ID: 1f515f20dd04f8a581bb86dec9ea62a2
  Parameters: {}


ActionController::RoutingError (Recognition failed for "/st_supervisor/"):
    C:/Users/EMMANU~1/DOWNLO~1/INSTAN~1.3A-/INSTAN~1/ruby/lib/ruby/gems/1.8/gems/actionpack-1.12.1/lib/action_controller/routing.rb:488:in `recognition_failed'
    C:/Users/EMMANU~1/DOWNLO~1/INSTAN~1.3A-/INSTAN~1/ruby/lib/ruby/gems/1.8/gems/actionpack-1.12.1/lib/action_controller/routing.rb:478:in `recognize!'
    C:/Users/EMMANU~1/DOWNLO~1/INSTAN~1.3A-/INSTAN~1/ruby/lib/ruby/gems/1.8/gems/rails-1.1.2/lib/dispatcher.rb:38:in `dispatch'
    C:/Users/EMMANU~1/DOWNLO~1/INSTAN~1.3A-/INSTAN~1/ruby/lib/ruby/gems/1.8/gems/rails-1.1.2/lib/webrick_server.rb:115:in `handle_dispatch'
    C:/Users/EMMANU~1/DOWNLO~1/INSTAN~1.3A-/INSTAN~1/ruby/lib/ruby/gems/1.8/gems/rails-1.1.2/lib/webrick_server.rb:81:in `service'
    C:/Users/EMMANU~1/DOWNLO~1/INSTAN~1.3A-/INSTAN~1/ruby/lib/ruby/1.8/webrick/httpserver.rb:104:in `service'
    C:/Users/EMMANU~1/DOWNLO~1/INSTAN~1.3A-/INSTAN~1/ruby/lib/ruby/1.8/webrick/httpserver.rb:65:in `run'
    C:/Users/EMMANU~1/DOWNLO~1/INSTAN~1.3A-/INSTAN~1/ruby/lib/ruby/1.8/webrick/server.rb:173:in `start_thread'
    C:/Users/EMMANU~1/DOWNLO~1/INSTAN~1.3A-/INSTAN~1/ruby/lib/ruby/1.8/webrick/server.rb:162:in `start_thread'
    C:/Users/EMMANU~1/DOWNLO~1/INSTAN~1.3A-/INSTAN~1/ruby/lib/ruby/1.8/webrick/server.rb:95:in `start'
    C:/Users/EMMANU~1/DOWNLO~1/INSTAN~1.3A-/INSTAN~1/ruby/lib/ruby/1.8/webrick/server.rb:92:in `start'
    C:/Users/EMMANU~1/DOWNLO~1/INSTAN~1.3A-/INSTAN~1/ruby/lib/ruby/1.8/webrick/server.rb:23:in `start'
    C:/Users/EMMANU~1/DOWNLO~1/INSTAN~1.3A-/INSTAN~1/ruby/lib/ruby/1.8/webrick/server.rb:82:in `start'
    C:/Users/EMMANU~1/DOWNLO~1/INSTAN~1.3A-/INSTAN~1/ruby/lib/ruby/gems/1.8/gems/rails-1.1.2/lib/webrick_server.rb:67:in `dispatch'
    C:/Users/EMMANU~1/DOWNLO~1/INSTAN~1.3A-/INSTAN~1/ruby/lib/ruby/gems/1.8/gems/rails-1.1.2/lib/commands/servers/webrick.rb:59
    C:/Users/EMMANU~1/DOWNLO~1/INSTAN~1.3A-/INSTAN~1/ruby/lib/ruby/site_ruby/1.8/rubygems/custom_require.rb:21:in `require'
    C:/Users/EMMANU~1/DOWNLO~1/INSTAN~1.3A-/INSTAN~1/ruby/lib/ruby/gems/1.8/gems/activesupport-1.3.1/lib/active_support/dependencies.rb:147:in `require'
    C:/Users/EMMANU~1/DOWNLO~1/INSTAN~1.3A-/INSTAN~1/ruby/lib/ruby/gems/1.8/gems/rails-1.1.2/lib/commands/server.rb:30
    C:/Users/EMMANU~1/DOWNLO~1/INSTAN~1.3A-/INSTAN~1/ruby/lib/ruby/site_ruby/1.8/rubygems/custom_require.rb:21:in `require'
    C:/Users/EMMANU~1/DOWNLO~1/INSTAN~1.3A-/INSTAN~1/ruby/lib/ruby/gems/1.8/gems/activesupport-1.3.1/lib/active_support/dependencies.rb:147:in `require'
    script/server:3


Rendering C:/Users/EMMANU~1/DOWNLO~1/INSTAN~1.3A-/INSTAN~1/ruby/lib/ruby/gems/1.8/gems/actionpack-1.12.1/lib/action_controller/templates/rescues/layout.rhtml (404 Page Not Found)


Processing StSupervisorsController#index (for 127.0.0.1 at 2011-11-25 00:59:57) [GET]
  Session ID: 1f515f20dd04f8a581bb86dec9ea62a2
  Parameters: {"action"=>"index", "controller"=>"st_supervisors"}


NameError (uninitialized constant StSupervisor):
    C:/Users/EMMANU~1/DOWNLO~1/INSTAN~1.3A-/INSTAN~1/ruby/lib/ruby/gems/1.8/gems/activesupport-1.3.1/lib/active_support/dependencies.rb:123:in `const_missing'
    C:/Users/EMMANU~1/DOWNLO~1/INSTAN~1.3A-/INSTAN~1/ruby/lib/ruby/gems/1.8/gems/activesupport-1.3.1/lib/active_support/dependencies.rb:131:in `const_missing'
    C:/Users/EMMANU~1/DOWNLO~1/INSTAN~1.3A-/INSTAN~1/ruby/lib/ruby/gems/1.8/gems/activesupport-1.3.1/lib/active_support/inflector.rb:161:in `constantize'
    C:/Users/EMMANU~1/DOWNLO~1/INSTAN~1.3A-/INSTAN~1/ruby/lib/ruby/gems/1.8/gems/activesupport-1.3.1/lib/active_support/core_ext/string/inflections.rb:59:in `constantize'
    C:/Users/EMMANU~1/DOWNLO~1/INSTAN~1.3A-/INSTAN~1/ruby/lib/ruby/gems/1.8/gems/actionpack-1.12.1/lib/action_controller/pagination.rb:194:in `paginator_and_collection_for'
    C:/Users/EMMANU~1/DOWNLO~1/INSTAN~1.3A-/INSTAN~1/ruby/lib/ruby/gems/1.8/gems/actionpack-1.12.1/lib/action_controller/pagination.rb:129:in `paginate'
    /app/controllers/st_supervisors_controller.rb:12:in `list'
    /app/controllers/st_supervisors_controller.rb:3:in `index'
    C:/Users/EMMANU~1/DOWNLO~1/INSTAN~1.3A-/INSTAN~1/ruby/lib/ruby/gems/1.8/gems/actionpack-1.12.1/lib/action_controller/base.rb:910:in `perform_action_without_filters'
    C:/Users/EMMANU~1/DOWNLO~1/INSTAN~1.3A-/INSTAN~1/ruby/lib/ruby/gems/1.8/gems/actionpack-1.12.1/lib/action_controller/filters.rb:368:in `perform_action_without_benchmark'
    C:/Users/EMMANU~1/DOWNLO~1/INSTAN~1.3A-/INSTAN~1/ruby/lib/ruby/gems/1.8/gems/actionpack-1.12.1/lib/action_controller/benchmarking.rb:69:in `perform_action_without_rescue'
    C:/Users/EMMANU~1/DOWNLO~1/INSTAN~1.3A-/INSTAN~1/ruby/lib/ruby/1.8/benchmark.rb:293:in `measure'
    C:/Users/EMMANU~1/DOWNLO~1/INSTAN~1.3A-/INSTAN~1/ruby/lib/ruby/gems/1.8/gems/actionpack-1.12.1/lib/action_controller/benchmarking.rb:69:in `perform_action_without_rescue'
    C:/Users/EMMANU~1/DOWNLO~1/INSTAN~1.3A-/INSTAN~1/ruby/lib/ruby/gems/1.8/gems/actionpack-1.12.1/lib/action_controller/rescue.rb:82:in `perform_action'
    C:/Users/EMMANU~1/DOWNLO~1/INSTAN~1.3A-/INSTAN~1/ruby/lib/ruby/gems/1.8/gems/actionpack-1.12.1/lib/action_controller/base.rb:381:in `process_without_filters'
    C:/Users/EMMANU~1/DOWNLO~1/INSTAN~1.3A-/INSTAN~1/ruby/lib/ruby/gems/1.8/gems/actionpack-1.12.1/lib/action_controller/filters.rb:377:in `process_without_session_management_support'
    C:/Users/EMMANU~1/DOWNLO~1/INSTAN~1.3A-/INSTAN~1/ruby/lib/ruby/gems/1.8/gems/actionpack-1.12.1/lib/action_controller/session_management.rb:117:in `process'
    C:/Users/EMMANU~1/DOWNLO~1/INSTAN~1.3A-/INSTAN~1/ruby/lib/ruby/gems/1.8/gems/rails-1.1.2/lib/dispatcher.rb:38:in `dispatch'
    C:/Users/EMMANU~1/DOWNLO~1/INSTAN~1.3A-/INSTAN~1/ruby/lib/ruby/gems/1.8/gems/rails-1.1.2/lib/webrick_server.rb:115:in `handle_dispatch'
    C:/Users/EMMANU~1/DOWNLO~1/INSTAN~1.3A-/INSTAN~1/ruby/lib/ruby/gems/1.8/gems/rails-1.1.2/lib/webrick_server.rb:81:in `service'
    C:/Users/EMMANU~1/DOWNLO~1/INSTAN~1.3A-/INSTAN~1/ruby/lib/ruby/1.8/webrick/httpserver.rb:104:in `service'
    C:/Users/EMMANU~1/DOWNLO~1/INSTAN~1.3A-/INSTAN~1/ruby/lib/ruby/1.8/webrick/httpserver.rb:65:in `run'
    C:/Users/EMMANU~1/DOWNLO~1/INSTAN~1.3A-/INSTAN~1/ruby/lib/ruby/1.8/webrick/server.rb:173:in `start_thread'
    C:/Users/EMMANU~1/DOWNLO~1/INSTAN~1.3A-/INSTAN~1/ruby/lib/ruby/1.8/webrick/server.rb:162:in `start_thread'
    C:/Users/EMMANU~1/DOWNLO~1/INSTAN~1.3A-/INSTAN~1/ruby/lib/ruby/1.8/webrick/server.rb:95:in `start'
    C:/Users/EMMANU~1/DOWNLO~1/INSTAN~1.3A-/INSTAN~1/ruby/lib/ruby/1.8/webrick/server.rb:92:in `start'
    C:/Users/EMMANU~1/DOWNLO~1/INSTAN~1.3A-/INSTAN~1/ruby/lib/ruby/1.8/webrick/server.rb:23:in `start'
    C:/Users/EMMANU~1/DOWNLO~1/INSTAN~1.3A-/INSTAN~1/ruby/lib/ruby/1.8/webrick/server.rb:82:in `start'
    C:/Users/EMMANU~1/DOWNLO~1/INSTAN~1.3A-/INSTAN~1/ruby/lib/ruby/gems/1.8/gems/rails-1.1.2/lib/webrick_server.rb:67:in `dispatch'
    C:/Users/EMMANU~1/DOWNLO~1/INSTAN~1.3A-/INSTAN~1/ruby/lib/ruby/gems/1.8/gems/rails-1.1.2/lib/commands/servers/webrick.rb:59
    C:/Users/EMMANU~1/DOWNLO~1/INSTAN~1.3A-/INSTAN~1/ruby/lib/ruby/site_ruby/1.8/rubygems/custom_require.rb:21:in `require'
    C:/Users/EMMANU~1/DOWNLO~1/INSTAN~1.3A-/INSTAN~1/ruby/lib/ruby/gems/1.8/gems/activesupport-1.3.1/lib/active_support/dependencies.rb:147:in `require'
    C:/Users/EMMANU~1/DOWNLO~1/INSTAN~1.3A-/INSTAN~1/ruby/lib/ruby/gems/1.8/gems/rails-1.1.2/lib/commands/server.rb:30
    C:/Users/EMMANU~1/DOWNLO~1/INSTAN~1.3A-/INSTAN~1/ruby/lib/ruby/site_ruby/1.8/rubygems/custom_require.rb:21:in `require'
    C:/Users/EMMANU~1/DOWNLO~1/INSTAN~1.3A-/INSTAN~1/ruby/lib/ruby/gems/1.8/gems/activesupport-1.3.1/lib/active_support/dependencies.rb:147:in `require'
    script/server:3


Rendering C:/Users/EMMANU~1/DOWNLO~1/INSTAN~1.3A-/INSTAN~1/ruby/lib/ruby/gems/1.8/gems/actionpack-1.12.1/lib/action_controller/templates/rescues/layout.rhtml (500 Internal Error)
  [4;36;1mStStudent Columns (0.000000)[0m   [0;1mMysql::Error: #42S02Table 'demidvlp.st_students' doesn't exist: SHOW FIELDS FROM st_students[0m
  [4;36;1mStStudent Columns (0.000000)[0m   [0;1mMysql::Error: #42S02Table 'demidvlp.st_students' doesn't exist: SHOW FIELDS FROM st_students[0m


Processing RoleController#show (for 127.0.0.1 at 2011-11-25 18:07:32) [GET]
  Session ID: 1f515f20dd04f8a581bb86dec9ea62a2
  Parameters: {"action"=>"show", "id"=>"1", "controller"=>"role"}
  [4;35;1mRole Load (1.519000)[0m   [0mSELECT * FROM roles WHERE (roles.id = '1') LIMIT 1[0m


NameError (C:/Users/EMMANU~1/DOWNLO~1/INSTAN~1.3A-/INSTAN~1/ruby/lib/ruby/gems/1.8/gems/activesupport-1.3.1/lib/active_support/dependencies.rb:100:in `const_missing': uninitialized constant User):
    C:/Users/EMMANU~1/DOWNLO~1/INSTAN~1.3A-/INSTAN~1/ruby/lib/ruby/gems/1.8/gems/activerecord-1.14.2/lib/active_record/base.rb:1246:in `compute_type'
    C:/Users/EMMANU~1/DOWNLO~1/INSTAN~1.3A-/INSTAN~1/ruby/lib/ruby/gems/1.8/gems/activesupport-1.3.1/lib/active_support/dependencies.rb:131:in `const_missing'
    C:/Users/EMMANU~1/DOWNLO~1/INSTAN~1.3A-/INSTAN~1/ruby/lib/ruby/gems/1.8/gems/activesupport-1.3.1/lib/active_support/dependencies.rb:133:in `const_missing'
    (eval):1:in `compute_type'
    C:/Users/EMMANU~1/DOWNLO~1/INSTAN~1.3A-/INSTAN~1/ruby/lib/ruby/gems/1.8/gems/activerecord-1.14.2/lib/active_record/reflection.rb:112:in `klass'
    C:/Users/EMMANU~1/DOWNLO~1/INSTAN~1.3A-/INSTAN~1/ruby/lib/ruby/gems/1.8/gems/activerecord-1.14.2/lib/active_record/associations/has_many_association.rb:174:in `construct_sql'
    C:/Users/EMMANU~1/DOWNLO~1/INSTAN~1.3A-/INSTAN~1/ruby/lib/ruby/gems/1.8/gems/activerecord-1.14.2/lib/active_record/associations/has_many_association.rb:6:in `initialize'
    C:/Users/EMMANU~1/DOWNLO~1/INSTAN~1.3A-/INSTAN~1/ruby/lib/ruby/gems/1.8/gems/activerecord-1.14.2/lib/active_record/associations.rb:876:in `users'
    /app/controllers/role_controller.rb:17:in `show'
    C:/Users/EMMANU~1/DOWNLO~1/INSTAN~1.3A-/INSTAN~1/ruby/lib/ruby/gems/1.8/gems/actionpack-1.12.1/lib/action_controller/base.rb:910:in `perform_action_without_filters'
    C:/Users/EMMANU~1/DOWNLO~1/INSTAN~1.3A-/INSTAN~1/ruby/lib/ruby/gems/1.8/gems/actionpack-1.12.1/lib/action_controller/filters.rb:368:in `perform_action_without_benchmark'
    C:/Users/EMMANU~1/DOWNLO~1/INSTAN~1.3A-/INSTAN~1/ruby/lib/ruby/gems/1.8/gems/actionpack-1.12.1/lib/action_controller/benchmarking.rb:69:in `perform_action_without_rescue'
    C:/Users/EMMANU~1/DOWNLO~1/INSTAN~1.3A-/INSTAN~1/ruby/lib/ruby/1.8/benchmark.rb:293:in `measure'
    C:/Users/EMMANU~1/DOWNLO~1/INSTAN~1.3A-/INSTAN~1/ruby/lib/ruby/gems/1.8/gems/actionpack-1.12.1/lib/action_controller/benchmarking.rb:69:in `perform_action_without_rescue'
    C:/Users/EMMANU~1/DOWNLO~1/INSTAN~1.3A-/INSTAN~1/ruby/lib/ruby/gems/1.8/gems/actionpack-1.12.1/lib/action_controller/rescue.rb:82:in `perform_action'
    C:/Users/EMMANU~1/DOWNLO~1/INSTAN~1.3A-/INSTAN~1/ruby/lib/ruby/gems/1.8/gems/actionpack-1.12.1/lib/action_controller/base.rb:381:in `process_without_filters'
    C:/Users/EMMANU~1/DOWNLO~1/INSTAN~1.3A-/INSTAN~1/ruby/lib/ruby/gems/1.8/gems/actionpack-1.12.1/lib/action_controller/filters.rb:377:in `process_without_session_management_support'
    C:/Users/EMMANU~1/DOWNLO~1/INSTAN~1.3A-/INSTAN~1/ruby/lib/ruby/gems/1.8/gems/actionpack-1.12.1/lib/action_controller/session_management.rb:117:in `process'
    C:/Users/EMMANU~1/DOWNLO~1/INSTAN~1.3A-/INSTAN~1/ruby/lib/ruby/gems/1.8/gems/rails-1.1.2/lib/dispatcher.rb:38:in `dispatch'
    C:/Users/EMMANU~1/DOWNLO~1/INSTAN~1.3A-/INSTAN~1/ruby/lib/ruby/gems/1.8/gems/rails-1.1.2/lib/webrick_server.rb:115:in `handle_dispatch'
    C:/Users/EMMANU~1/DOWNLO~1/INSTAN~1.3A-/INSTAN~1/ruby/lib/ruby/gems/1.8/gems/rails-1.1.2/lib/webrick_server.rb:81:in `service'
    C:/Users/EMMANU~1/DOWNLO~1/INSTAN~1.3A-/INSTAN~1/ruby/lib/ruby/1.8/webrick/httpserver.rb:104:in `service'
    C:/Users/EMMANU~1/DOWNLO~1/INSTAN~1.3A-/INSTAN~1/ruby/lib/ruby/1.8/webrick/httpserver.rb:65:in `run'
    C:/Users/EMMANU~1/DOWNLO~1/INSTAN~1.3A-/INSTAN~1/ruby/lib/ruby/1.8/webrick/server.rb:173:in `start_thread'
    C:/Users/EMMANU~1/DOWNLO~1/INSTAN~1.3A-/INSTAN~1/ruby/lib/ruby/1.8/webrick/server.rb:162:in `start_thread'
    C:/Users/EMMANU~1/DOWNLO~1/INSTAN~1.3A-/INSTAN~1/ruby/lib/ruby/1.8/webrick/server.rb:95:in `start'
    C:/Users/EMMANU~1/DOWNLO~1/INSTAN~1.3A-/INSTAN~1/ruby/lib/ruby/1.8/webrick/server.rb:92:in `start'
    C:/Users/EMMANU~1/DOWNLO~1/INSTAN~1.3A-/INSTAN~1/ruby/lib/ruby/1.8/webrick/server.rb:23:in `start'
    C:/Users/EMMANU~1/DOWNLO~1/INSTAN~1.3A-/INSTAN~1/ruby/lib/ruby/1.8/webrick/server.rb:82:in `start'
    C:/Users/EMMANU~1/DOWNLO~1/INSTAN~1.3A-/INSTAN~1/ruby/lib/ruby/gems/1.8/gems/rails-1.1.2/lib/webrick_server.rb:67:in `dispatch'
    C:/Users/EMMANU~1/DOWNLO~1/INSTAN~1.3A-/INSTAN~1/ruby/lib/ruby/gems/1.8/gems/rails-1.1.2/lib/commands/servers/webrick.rb:59
    C:/Users/EMMANU~1/DOWNLO~1/INSTAN~1.3A-/INSTAN~1/ruby/lib/ruby/site_ruby/1.8/rubygems/custom_require.rb:21:in `require'
    C:/Users/EMMANU~1/DOWNLO~1/INSTAN~1.3A-/INSTAN~1/ruby/lib/ruby/gems/1.8/gems/activesupport-1.3.1/lib/active_support/dependencies.rb:147:in `require'
    C:/Users/EMMANU~1/DOWNLO~1/INSTAN~1.3A-/INSTAN~1/ruby/lib/ruby/gems/1.8/gems/rails-1.1.2/lib/commands/server.rb:30
    C:/Users/EMMANU~1/DOWNLO~1/INSTAN~1.3A-/INSTAN~1/ruby/lib/ruby/site_ruby/1.8/rubygems/custom_require.rb:21:in `require'
    C:/Users/EMMANU~1/DOWNLO~1/INSTAN~1.3A-/INSTAN~1/ruby/lib/ruby/gems/1.8/gems/activesupport-1.3.1/lib/active_support/dependencies.rb:147:in `require'
    script/server:3


Rendering C:/Users/EMMANU~1/DOWNLO~1/INSTAN~1.3A-/INSTAN~1/ruby/lib/ruby/gems/1.8/gems/actionpack-1.12.1/lib/action_controller/templates/rescues/layout.rhtml (500 Internal Error)


Processing Base#index (for 127.0.0.1 at 2011-11-26 11:17:37) [GET]
  Session ID: 1f515f20dd04f8a581bb86dec9ea62a2
  Parameters: {}


ActionController::RoutingError (Recognition failed for "/layouts"):
    C:/Users/EMMANU~1/DOWNLO~1/INSTAN~1.3A-/INSTAN~1/ruby/lib/ruby/gems/1.8/gems/actionpack-1.12.1/lib/action_controller/routing.rb:488:in `recognition_failed'
    C:/Users/EMMANU~1/DOWNLO~1/INSTAN~1.3A-/INSTAN~1/ruby/lib/ruby/gems/1.8/gems/actionpack-1.12.1/lib/action_controller/routing.rb:478:in `recognize!'
    C:/Users/EMMANU~1/DOWNLO~1/INSTAN~1.3A-/INSTAN~1/ruby/lib/ruby/gems/1.8/gems/rails-1.1.2/lib/dispatcher.rb:38:in `dispatch'
    C:/Users/EMMANU~1/DOWNLO~1/INSTAN~1.3A-/INSTAN~1/ruby/lib/ruby/gems/1.8/gems/rails-1.1.2/lib/webrick_server.rb:115:in `handle_dispatch'
    C:/Users/EMMANU~1/DOWNLO~1/INSTAN~1.3A-/INSTAN~1/ruby/lib/ruby/gems/1.8/gems/rails-1.1.2/lib/webrick_server.rb:81:in `service'
    C:/Users/EMMANU~1/DOWNLO~1/INSTAN~1.3A-/INSTAN~1/ruby/lib/ruby/1.8/webrick/httpserver.rb:104:in `service'
    C:/Users/EMMANU~1/DOWNLO~1/INSTAN~1.3A-/INSTAN~1/ruby/lib/ruby/1.8/webrick/httpserver.rb:65:in `run'
    C:/Users/EMMANU~1/DOWNLO~1/INSTAN~1.3A-/INSTAN~1/ruby/lib/ruby/1.8/webrick/server.rb:173:in `start_thread'
    C:/Users/EMMANU~1/DOWNLO~1/INSTAN~1.3A-/INSTAN~1/ruby/lib/ruby/1.8/webrick/server.rb:162:in `start_thread'
    C:/Users/EMMANU~1/DOWNLO~1/INSTAN~1.3A-/INSTAN~1/ruby/lib/ruby/1.8/webrick/server.rb:95:in `start'
    C:/Users/EMMANU~1/DOWNLO~1/INSTAN~1.3A-/INSTAN~1/ruby/lib/ruby/1.8/webrick/server.rb:92:in `start'
    C:/Users/EMMANU~1/DOWNLO~1/INSTAN~1.3A-/INSTAN~1/ruby/lib/ruby/1.8/webrick/server.rb:23:in `start'
    C:/Users/EMMANU~1/DOWNLO~1/INSTAN~1.3A-/INSTAN~1/ruby/lib/ruby/1.8/webrick/server.rb:82:in `start'
    C:/Users/EMMANU~1/DOWNLO~1/INSTAN~1.3A-/INSTAN~1/ruby/lib/ruby/gems/1.8/gems/rails-1.1.2/lib/webrick_server.rb:67:in `dispatch'
    C:/Users/EMMANU~1/DOWNLO~1/INSTAN~1.3A-/INSTAN~1/ruby/lib/ruby/gems/1.8/gems/rails-1.1.2/lib/commands/servers/webrick.rb:59
    C:/Users/EMMANU~1/DOWNLO~1/INSTAN~1.3A-/INSTAN~1/ruby/lib/ruby/site_ruby/1.8/rubygems/custom_require.rb:21:in `require'
    C:/Users/EMMANU~1/DOWNLO~1/INSTAN~1.3A-/INSTAN~1/ruby/lib/ruby/gems/1.8/gems/activesupport-1.3.1/lib/active_support/dependencies.rb:147:in `require'
    C:/Users/EMMANU~1/DOWNLO~1/INSTAN~1.3A-/INSTAN~1/ruby/lib/ruby/gems/1.8/gems/rails-1.1.2/lib/commands/server.rb:30
    C:/Users/EMMANU~1/DOWNLO~1/INSTAN~1.3A-/INSTAN~1/ruby/lib/ruby/site_ruby/1.8/rubygems/custom_require.rb:21:in `require'
    C:/Users/EMMANU~1/DOWNLO~1/INSTAN~1.3A-/INSTAN~1/ruby/lib/ruby/gems/1.8/gems/activesupport-1.3.1/lib/active_support/dependencies.rb:147:in `require'
    script/server:3


Rendering C:/Users/EMMANU~1/DOWNLO~1/INSTAN~1.3A-/INSTAN~1/ruby/lib/ruby/gems/1.8/gems/actionpack-1.12.1/lib/action_controller/templates/rescues/layout.rhtml (404 Page Not Found)


Processing RoleController#index (for 127.0.0.1 at 2011-11-26 11:18:03) [GET]
  Session ID: 1f515f20dd04f8a581bb86dec9ea62a2
  Parameters: {"action"=>"index", "controller"=>"role"}
  [4;36;1mRole Columns (0.147000)[0m   [0;1mSHOW FIELDS FROM roles[0m
  [4;35;1mSQL (0.032000)[0m   [0mSELECT count(*) AS count_all FROM roles [0m
  [4;36;1mRole Load (0.001000)[0m   [0;1mSELECT * FROM roles LIMIT 0, 10[0m
Rendering actionlistlayoutfalse within layouts/role
Rendering role/list
Completed in 0.41000 (2 reqs/sec) | Rendering: 0.00600 (1%) | DB: 0.18000 (43%) | 200 OK [http://localhost/role]


Processing RoleController#new (for 127.0.0.1 at 2011-11-26 11:19:19) [GET]
  Session ID: 1f515f20dd04f8a581bb86dec9ea62a2
  Parameters: {"action"=>"new", "controller"=>"role"}
  [4;35;1mRole Columns (0.001000)[0m   [0mSHOW FIELDS FROM roles[0m
Rendering  within layouts/role
Rendering role/new
Rendered role/_form (0.00200)
Completed in 0.01000 (100 reqs/sec) | Rendering: 0.00600 (59%) | DB: 0.00100 (10%) | 200 OK [http://localhost/role/new]


Processing Base#index (for 127.0.0.1 at 2011-11-26 17:46:50) [GET]
  Session ID: 1f515f20dd04f8a581bb86dec9ea62a2
  Parameters: {}


SyntaxError (./script/../config/../app/controllers/st_supervisors_controller.rb:9: parse error, unexpected tIDENTIFIER, expecting ')'
	@st_supervisors  = st_supervisors .new(params[:st_supervisors]s)
	                                                               ^):
    C:/Users/EMMANU~1/DOWNLO~1/INSTAN~1.3A-/INSTAN~1/ruby/lib/ruby/gems/1.8/gems/activesupport-1.3.1/lib/active_support/dependencies.rb:140:in `load'
    C:/Users/EMMANU~1/DOWNLO~1/INSTAN~1.3A-/INSTAN~1/ruby/lib/ruby/gems/1.8/gems/activesupport-1.3.1/lib/active_support/dependencies.rb:140:in `load'
    C:/Users/EMMANU~1/DOWNLO~1/INSTAN~1.3A-/INSTAN~1/ruby/lib/ruby/gems/1.8/gems/activesupport-1.3.1/lib/active_support/dependencies.rb:56:in `require_or_load'
    C:/Users/EMMANU~1/DOWNLO~1/INSTAN~1.3A-/INSTAN~1/ruby/lib/ruby/gems/1.8/gems/activesupport-1.3.1/lib/active_support/dependencies.rb:30:in `depend_on'
    C:/Users/EMMANU~1/DOWNLO~1/INSTAN~1.3A-/INSTAN~1/ruby/lib/ruby/gems/1.8/gems/activesupport-1.3.1/lib/active_support/dependencies.rb:85:in `require_dependency'
    C:/Users/EMMANU~1/DOWNLO~1/INSTAN~1.3A-/INSTAN~1/ruby/lib/ruby/gems/1.8/gems/activesupport-1.3.1/lib/active_support/dependencies.rb:98:in `const_missing'
    C:/Users/EMMANU~1/DOWNLO~1/INSTAN~1.3A-/INSTAN~1/ruby/lib/ruby/gems/1.8/gems/activesupport-1.3.1/lib/active_support/dependencies.rb:131:in `const_missing'
    C:/Users/EMMANU~1/DOWNLO~1/INSTAN~1.3A-/INSTAN~1/ruby/lib/ruby/gems/1.8/gems/actionpack-1.12.1/lib/action_controller/routing.rb:237:in `traverse_to_controller'
    generated/routing/recognition.rb:3:in `eval'
    C:/Users/EMMANU~1/DOWNLO~1/INSTAN~1.3A-/INSTAN~1/ruby/lib/ruby/gems/1.8/gems/actionpack-1.12.1/lib/action_controller/routing.rb:237:in `traverse_to_controller'
    generated/routing/recognition.rb:3:in `recognize_path'
    C:/Users/EMMANU~1/DOWNLO~1/INSTAN~1.3A-/INSTAN~1/ruby/lib/ruby/gems/1.8/gems/actionpack-1.12.1/lib/action_controller/routing.rb:477:in `recognize!'
    C:/Users/EMMANU~1/DOWNLO~1/INSTAN~1.3A-/INSTAN~1/ruby/lib/ruby/gems/1.8/gems/rails-1.1.2/lib/dispatcher.rb:38:in `dispatch'
    C:/Users/EMMANU~1/DOWNLO~1/INSTAN~1.3A-/INSTAN~1/ruby/lib/ruby/gems/1.8/gems/rails-1.1.2/lib/webrick_server.rb:115:in `handle_dispatch'
    C:/Users/EMMANU~1/DOWNLO~1/INSTAN~1.3A-/INSTAN~1/ruby/lib/ruby/gems/1.8/gems/rails-1.1.2/lib/webrick_server.rb:81:in `service'
    C:/Users/EMMANU~1/DOWNLO~1/INSTAN~1.3A-/INSTAN~1/ruby/lib/ruby/1.8/webrick/httpserver.rb:104:in `service'
    C:/Users/EMMANU~1/DOWNLO~1/INSTAN~1.3A-/INSTAN~1/ruby/lib/ruby/1.8/webrick/httpserver.rb:65:in `run'
    C:/Users/EMMANU~1/DOWNLO~1/INSTAN~1.3A-/INSTAN~1/ruby/lib/ruby/1.8/webrick/server.rb:173:in `start_thread'
    C:/Users/EMMANU~1/DOWNLO~1/INSTAN~1.3A-/INSTAN~1/ruby/lib/ruby/1.8/webrick/server.rb:162:in `start_thread'
    C:/Users/EMMANU~1/DOWNLO~1/INSTAN~1.3A-/INSTAN~1/ruby/lib/ruby/1.8/webrick/server.rb:95:in `start'
    C:/Users/EMMANU~1/DOWNLO~1/INSTAN~1.3A-/INSTAN~1/ruby/lib/ruby/1.8/webrick/server.rb:92:in `start'
    C:/Users/EMMANU~1/DOWNLO~1/INSTAN~1.3A-/INSTAN~1/ruby/lib/ruby/1.8/webrick/server.rb:23:in `start'
    C:/Users/EMMANU~1/DOWNLO~1/INSTAN~1.3A-/INSTAN~1/ruby/lib/ruby/1.8/webrick/server.rb:82:in `start'
    C:/Users/EMMANU~1/DOWNLO~1/INSTAN~1.3A-/INSTAN~1/ruby/lib/ruby/gems/1.8/gems/rails-1.1.2/lib/webrick_server.rb:67:in `dispatch'
    C:/Users/EMMANU~1/DOWNLO~1/INSTAN~1.3A-/INSTAN~1/ruby/lib/ruby/gems/1.8/gems/rails-1.1.2/lib/commands/servers/webrick.rb:59
    C:/Users/EMMANU~1/DOWNLO~1/INSTAN~1.3A-/INSTAN~1/ruby/lib/ruby/site_ruby/1.8/rubygems/custom_require.rb:21:in `require'
    C:/Users/EMMANU~1/DOWNLO~1/INSTAN~1.3A-/INSTAN~1/ruby/lib/ruby/gems/1.8/gems/activesupport-1.3.1/lib/active_support/dependencies.rb:147:in `require'
    C:/Users/EMMANU~1/DOWNLO~1/INSTAN~1.3A-/INSTAN~1/ruby/lib/ruby/gems/1.8/gems/rails-1.1.2/lib/commands/server.rb:30
    C:/Users/EMMANU~1/DOWNLO~1/INSTAN~1.3A-/INSTAN~1/ruby/lib/ruby/site_ruby/1.8/rubygems/custom_require.rb:21:in `require'
    C:/Users/EMMANU~1/DOWNLO~1/INSTAN~1.3A-/INSTAN~1/ruby/lib/ruby/gems/1.8/gems/activesupport-1.3.1/lib/active_support/dependencies.rb:147:in `require'
    script/server:3


Rendering C:/Users/EMMANU~1/DOWNLO~1/INSTAN~1.3A-/INSTAN~1/ruby/lib/ruby/gems/1.8/gems/actionpack-1.12.1/lib/action_controller/templates/rescues/layout.rhtml (500 Internal Error)


Processing Base#index (for 127.0.0.1 at 2011-11-26 18:44:32) [GET]
  Session ID: 1f515f20dd04f8a581bb86dec9ea62a2
  Parameters: {}


SyntaxError (./script/../config/../app/controllers/st_supervisors_controller.rb:9: parse error, unexpected tIDENTIFIER, expecting ')'
	@st_supervisors  = st_supervisors .new(params[:st_supervisors]s)
	                                                               ^):
    C:/Users/EMMANU~1/DOWNLO~1/INSTAN~1.3A-/INSTAN~1/ruby/lib/ruby/gems/1.8/gems/activesupport-1.3.1/lib/active_support/dependencies.rb:140:in `load'
    C:/Users/EMMANU~1/DOWNLO~1/INSTAN~1.3A-/INSTAN~1/ruby/lib/ruby/gems/1.8/gems/activesupport-1.3.1/lib/active_support/dependencies.rb:140:in `load'
    C:/Users/EMMANU~1/DOWNLO~1/INSTAN~1.3A-/INSTAN~1/ruby/lib/ruby/gems/1.8/gems/activesupport-1.3.1/lib/active_support/dependencies.rb:56:in `require_or_load'
    C:/Users/EMMANU~1/DOWNLO~1/INSTAN~1.3A-/INSTAN~1/ruby/lib/ruby/gems/1.8/gems/activesupport-1.3.1/lib/active_support/dependencies.rb:30:in `depend_on'
    C:/Users/EMMANU~1/DOWNLO~1/INSTAN~1.3A-/INSTAN~1/ruby/lib/ruby/gems/1.8/gems/activesupport-1.3.1/lib/active_support/dependencies.rb:85:in `require_dependency'
    C:/Users/EMMANU~1/DOWNLO~1/INSTAN~1.3A-/INSTAN~1/ruby/lib/ruby/gems/1.8/gems/activesupport-1.3.1/lib/active_support/dependencies.rb:98:in `const_missing'
    C:/Users/EMMANU~1/DOWNLO~1/INSTAN~1.3A-/INSTAN~1/ruby/lib/ruby/gems/1.8/gems/activesupport-1.3.1/lib/active_support/dependencies.rb:131:in `const_missing'
    C:/Users/EMMANU~1/DOWNLO~1/INSTAN~1.3A-/INSTAN~1/ruby/lib/ruby/gems/1.8/gems/actionpack-1.12.1/lib/action_controller/routing.rb:237:in `traverse_to_controller'
    generated/routing/recognition.rb:3:in `eval'
    C:/Users/EMMANU~1/DOWNLO~1/INSTAN~1.3A-/INSTAN~1/ruby/lib/ruby/gems/1.8/gems/actionpack-1.12.1/lib/action_controller/routing.rb:237:in `traverse_to_controller'
    generated/routing/recognition.rb:3:in `recognize_path'
    C:/Users/EMMANU~1/DOWNLO~1/INSTAN~1.3A-/INSTAN~1/ruby/lib/ruby/gems/1.8/gems/actionpack-1.12.1/lib/action_controller/routing.rb:477:in `recognize!'
    C:/Users/EMMANU~1/DOWNLO~1/INSTAN~1.3A-/INSTAN~1/ruby/lib/ruby/gems/1.8/gems/rails-1.1.2/lib/dispatcher.rb:38:in `dispatch'
    C:/Users/EMMANU~1/DOWNLO~1/INSTAN~1.3A-/INSTAN~1/ruby/lib/ruby/gems/1.8/gems/rails-1.1.2/lib/webrick_server.rb:115:in `handle_dispatch'
    C:/Users/EMMANU~1/DOWNLO~1/INSTAN~1.3A-/INSTAN~1/ruby/lib/ruby/gems/1.8/gems/rails-1.1.2/lib/webrick_server.rb:81:in `service'
    C:/Users/EMMANU~1/DOWNLO~1/INSTAN~1.3A-/INSTAN~1/ruby/lib/ruby/1.8/webrick/httpserver.rb:104:in `service'
    C:/Users/EMMANU~1/DOWNLO~1/INSTAN~1.3A-/INSTAN~1/ruby/lib/ruby/1.8/webrick/httpserver.rb:65:in `run'
    C:/Users/EMMANU~1/DOWNLO~1/INSTAN~1.3A-/INSTAN~1/ruby/lib/ruby/1.8/webrick/server.rb:173:in `start_thread'
    C:/Users/EMMANU~1/DOWNLO~1/INSTAN~1.3A-/INSTAN~1/ruby/lib/ruby/1.8/webrick/server.rb:162:in `start_thread'
    C:/Users/EMMANU~1/DOWNLO~1/INSTAN~1.3A-/INSTAN~1/ruby/lib/ruby/1.8/webrick/server.rb:95:in `start'
    C:/Users/EMMANU~1/DOWNLO~1/INSTAN~1.3A-/INSTAN~1/ruby/lib/ruby/1.8/webrick/server.rb:92:in `start'
    C:/Users/EMMANU~1/DOWNLO~1/INSTAN~1.3A-/INSTAN~1/ruby/lib/ruby/1.8/webrick/server.rb:23:in `start'
    C:/Users/EMMANU~1/DOWNLO~1/INSTAN~1.3A-/INSTAN~1/ruby/lib/ruby/1.8/webrick/server.rb:82:in `start'
    C:/Users/EMMANU~1/DOWNLO~1/INSTAN~1.3A-/INSTAN~1/ruby/lib/ruby/gems/1.8/gems/rails-1.1.2/lib/webrick_server.rb:67:in `dispatch'
    C:/Users/EMMANU~1/DOWNLO~1/INSTAN~1.3A-/INSTAN~1/ruby/lib/ruby/gems/1.8/gems/rails-1.1.2/lib/commands/servers/webrick.rb:59
    C:/Users/EMMANU~1/DOWNLO~1/INSTAN~1.3A-/INSTAN~1/ruby/lib/ruby/site_ruby/1.8/rubygems/custom_require.rb:21:in `require'
    C:/Users/EMMANU~1/DOWNLO~1/INSTAN~1.3A-/INSTAN~1/ruby/lib/ruby/gems/1.8/gems/activesupport-1.3.1/lib/active_support/dependencies.rb:147:in `require'
    C:/Users/EMMANU~1/DOWNLO~1/INSTAN~1.3A-/INSTAN~1/ruby/lib/ruby/gems/1.8/gems/rails-1.1.2/lib/commands/server.rb:30
    C:/Users/EMMANU~1/DOWNLO~1/INSTAN~1.3A-/INSTAN~1/ruby/lib/ruby/site_ruby/1.8/rubygems/custom_require.rb:21:in `require'
    C:/Users/EMMANU~1/DOWNLO~1/INSTAN~1.3A-/INSTAN~1/ruby/lib/ruby/gems/1.8/gems/activesupport-1.3.1/lib/active_support/dependencies.rb:147:in `require'
    script/server:3


Rendering C:/Users/EMMANU~1/DOWNLO~1/INSTAN~1.3A-/INSTAN~1/ruby/lib/ruby/gems/1.8/gems/actionpack-1.12.1/lib/action_controller/templates/rescues/layout.rhtml (500 Internal Error)
